make all --print-data-base --no-builtin-variables --no-builtin-rules --question
# GNU Make 4.3
# Built for x86_64-pc-linux-gnu
# Copyright (C) 1988-2020 Free Software Foundation, Inc.
# License GPLv3+: GNU GPL version 3 or later <http://gnu.org/licenses/gpl.html>
# This is free software: you are free to change and redistribute it.
# There is NO WARRANTY, to the extent permitted by law.

# Make data base, printed on Tue Apr 26 12:56:28 2022

# Variables

# environment
GDK_BACKEND = x11
# makefile (from 'Makefile', line 80)
AS = $(PREFIX)gcc -x assembler-with-cpp
# makefile (from 'Makefile', line 146)
LIBDIR = 
# environment
LC_ALL = C
# environment
GTK_RC_FILES = /etc/gtk/gtkrc:/home/lth/.gtkrc:/home/lth/.config/gtkrc
# environment
IDF_PATH = /home/lth/esp/esp-idf
# environment
VSCODE_IPC_HOOK_EXTHOST = /run/user/1000/vscode-ipc-f47368e8-b257-4094-b570-27f15457337e.sock
# environment
VSCODE_CWD = /home/lth
# makefile (from 'Makefile', line 145)
LIBS = -lc -lm -lnosys 
# makefile (from 'Makefile', line 116)
C_INCLUDES = -ICore/Inc -IDrivers/STM32F4xx_HAL_Driver/Inc -IDrivers/STM32F4xx_HAL_Driver/Inc/Legacy -IDrivers/CMSIS/Device/ST/STM32F4xx/Include -IDrivers/CMSIS/Include
# makefile (from 'Makefile', line 82)
SZ = $(PREFIX)size
# environment
ADF_PATH = /home/lth/esp/esp-adf
# default
MAKE_COMMAND := make
# environment
HISTFILE = /home/lth/.bash_eternal_history
# environment
QT_ACCESSIBILITY = 1
# automatic
@D = $(patsubst %/,%,$(dir $@))
# makefile (from 'Makefile', line 107)
C_DEFS = -DUSE_HAL_DRIVER -DSTM32F411xE
# environment
VSCODE_HANDLES_UNCAUGHT_ERRORS = true
# default
.VARIABLES := 
# environment
PWD = /home/lth/src/AW9523B/aw9523b-demo-blackpill
# automatic
%D = $(patsubst %/,%,$(dir $%))
# environment
XDG_DATA_DIRS = /usr/local/share:/usr/share:/var/lib/snapd/desktop
# environment
HISTTIMEFORMAT = [%F %T] 
# automatic
^D = $(patsubst %/,%,$(dir $^))
# environment
VSCODE_LOG_STACK = false
# automatic
%F = $(notdir $%)
# environment
VSCODE_CODE_CACHE_PATH = /home/lth/.config/Code/CachedData/dfd34e8260c270da74b5c2d86d61aee4b6d56977
# environment
XDG_SESSION_PATH = /org/freedesktop/DisplayManager/Session1
# makefile (from 'Makefile', line 104)
AS_DEFS = 
# environment
LANG = C
# environment
XAUTHORITY = /home/lth/.Xauthority
# default
.LOADED := 
# default
.INCLUDE_DIRS = /usr/local/include /usr/include /usr/include
# makefile
MAKEFLAGS = pqrR
# makefile
CURDIR := /home/lth/src/AW9523B/aw9523b-demo-blackpill
# environment
VSCODE_PIPE_LOGGING = true
# makefile (from 'Makefile', line 84)
HEX = $(CP) -O ihex
# environment
APPLICATION_INSIGHTS_NO_DIAGNOSTIC_CHANNEL = 1
# makefile (from 'Makefile', line 142)
LDSCRIPT = STM32F411CEUx_FLASH.ld
# automatic
*D = $(patsubst %/,%,$(dir $*))
# environment
PAM_KWALLET5_LOGIN = /run/user/1000/kwallet5.socket
# environment
MFLAGS = -pqrR
# environment
SSH_AUTH_SOCK = /tmp/ssh-XXXXXXuQeKTO/agent.2147
# default
.SHELLFLAGS := -c
# environment
HISTSIZE = 
# environment
XDG_CONFIG_DIRS = /home/lth/.config/kdedefaults:/etc/xdg
# automatic
+D = $(patsubst %/,%,$(dir $+))
# environment
XCURSOR_THEME = breeze_cursors
# environment
XDG_SESSION_DESKTOP = KDE
# makefile (from 'build/system_stm32f4xx.d', line 1)
MAKEFILE_LIST := Makefile build/main.d build/startup_stm32f411xe.d build/stm32f4xx_hal.d build/stm32f4xx_hal_cortex.d build/stm32f4xx_hal_dma.d build/stm32f4xx_hal_dma_ex.d build/stm32f4xx_hal_exti.d build/stm32f4xx_hal_flash.d build/stm32f4xx_hal_flash_ex.d build/stm32f4xx_hal_flash_ramfunc.d build/stm32f4xx_hal_gpio.d build/stm32f4xx_hal_i2c.d build/stm32f4xx_hal_i2c_ex.d build/stm32f4xx_hal_msp.d build/stm32f4xx_hal_pwr.d build/stm32f4xx_hal_pwr_ex.d build/stm32f4xx_hal_rcc.d build/stm32f4xx_hal_rcc_ex.d build/stm32f4xx_hal_tim.d build/stm32f4xx_hal_tim_ex.d build/stm32f4xx_hal_uart.d build/stm32f4xx_it.d build/system_stm32f4xx.d
# makefile (from 'Makefile', line 125)
ASFLAGS = $(MCU) $(AS_DEFS) $(AS_INCLUDES) $(OPT) -Wall -fdata-sections -ffunction-sections
# automatic
@F = $(notdir $@)
# environment
VSCODE_VERBOSE_LOGGING = true
# environment
VSCODE_PID = 379761
# environment
XDG_SESSION_TYPE = x11
# automatic
?D = $(patsubst %/,%,$(dir $?))
# makefile (from 'Makefile', line 113)
AS_INCLUDES = 
# makefile (from 'Makefile', line 81)
CP = $(PREFIX)objcopy
# environment
SESSION_MANAGER = local/nb7:@/tmp/.ICE-unix/2428,unix/nb7:/tmp/.ICE-unix/2428
# automatic
*F = $(notdir $*)
# environment
CHROME_DESKTOP = code-url-handler.desktop
# environment
DBUS_SESSION_BUS_ADDRESS = unix:path=/run/user/1000/bus
# automatic
<D = $(patsubst %/,%,$(dir $<))
# environment
VSCODE_NLS_CONFIG = {"locale":"en-us","availableLanguages":{},"_languagePackSupport":true}
# environment
HISTFILESIZE = 
# default
MAKE_HOST := x86_64-pc-linux-gnu
# makefile
SHELL = /bin/sh
# default
MAKECMDGOALS := all
# environment
XMODIFIERS = @im=ibus
# environment
SHLVL = 0
# environment
MAKELEVEL := 0
# default
MAKE = $(MAKE_COMMAND)
# environment
PATH = /home/lth/.cargo/bin:/home/lth/stm/STM32CubeProgrammer/bin:/usr/local/go/bin:/home/lth/bin:./node_modules/.bin:/home/lth/stm/STM32CubeProgrammer/bin:/home/lth/bin:/home/lth/.local/bin:/home/lth/esp/xtensa-esp32-elf/bin:/usr/local/bin:/usr/bin:/bin:/usr/local/games:/usr/games:/snap/bin
# default
MAKEFILES := 
# automatic
^F = $(notdir $^)
# makefile (from 'Makefile', line 94)
FPU = -mfpu=fpv4-sp-d16
# makefile (from 'Makefile', line 97)
FLOAT-ABI = -mfloat-abi=hard
# environment
 
LC_TIME = en_GB.UTF-8
# makefile (from 'Makefile', line 70)
PREFIX = arm-none-eabi-
# environment
VSCODE_LOG_NATIVE = false
# makefile (from 'Makefile', line 91)
CPU = -mcpu=cortex-m4
# automatic
?F = $(notdir $?)
# environment
KDE_APPLICATIONS_AS_SCOPE = 1
# environment
XDG_SEAT = seat0
# environment
GTK_IM_MODULE = ibus
# environment
XDG_CURRENT_DESKTOP = KDE
# environment
LS_COLORS = 
# automatic
+F = $(notdir $+)
# environment
XDG_SEAT_PATH = /org/freedesktop/DisplayManager/Seat0
# environment
DESKTOP_SESSION = plasma
# environment
ORIGINAL_XDG_CURRENT_DESKTOP = KDE
# makefile (from 'Makefile', line 160)
OBJECTS = $(addprefix $(BUILD_DIR)/,$(notdir $(C_SOURCES:.c=.o))) $(addprefix $(BUILD_DIR)/,$(notdir $(ASM_SOURCES:.s=.o)))
# 'override' directive
GNUMAKEFLAGS := 
# environment
QT_SCREEN_SCALE_FACTORS = eDP-1=1;DP-1=1;HDMI-1=1;DP-2=1;HDMI-2=1;
# environment
CLUTTER_IM_MODULE = ibus
# environment
LOGNAME = lth
# makefile (from 'Makefile', line 25)
OPT = -Og
# environment
XDG_VTNR = 7
# makefile
.DEFAULT_GOAL := all
# environment
SYSTEMD_EXEC_PID = 2109
# environment
DISPLAY = :0
# environment
USER = lth
# environment
GTK_MODULES = gail:atk-bridge
# default
MAKE_VERSION := 4.3
# environment
KDE_SESSION_UID = 1000
# makefile (from 'Makefile', line 147)
LDFLAGS = $(MCU) -specs=nano.specs -T$(LDSCRIPT) $(LIBDIR) $(LIBS) -Wl,-Map=$(BUILD_DIR)/$(TARGET).map,--cref -Wl,--gc-sections
# environment
MDF_PATH = /home/lth/esp/esp-mdf
# makefile (from 'Makefile', line 100)
MCU = $(CPU) -mthumb $(FPU) $(FLOAT-ABI)
# environment
LC_MEASUREMENT = en_GB.UTF-8
# environment
PYTHONPATH = /usr/local/lib/python3/dist-packages:
# environment
SSH_AGENT_PID = 2217
# environment
_ = /usr/share/code/code
# makefile (from 'Makefile', line 85)
BIN = $(CP) -O binary -S
# environment
XDG_RUNTIME_DIR = /run/user/1000
# makefile (from 'Makefile', line 135)
CFLAGS = $(MCU) $(C_DEFS) $(C_INCLUDES) $(OPT) -Wall -fdata-sections -ffunction-sections -g -gdwarf-2 -MMD -MP -MF"$(@:%.o=%.d)"
# environment
GPG_AGENT_INFO = /run/user/1000/gnupg/S.gpg-agent:0:1
# environment
XDG_SESSION_CLASS = user
# environment
VSCODE_AMD_ENTRYPOINT = vs/workbench/api/node/extensionHostProcess
# makefile (from 'Makefile', line 32)
BUILD_DIR = build
# environment
GTK2_RC_FILES = /etc/gtk-2.0/gtkrc:/home/lth/.gtkrc-2.0:/home/lth/.config/gtkrc-2.0
# environment
HOME = /home/lth
# environment
QT_IM_MODULE = ibus
# environment
ELECTRON_RUN_AS_NODE = 1
# environment
VSCODE_IPC_HOOK = /run/user/1000/vscode-1380cd87-1.66.2-main.sock
# environment
XDG_SESSION_ID = 6
# environment
XCURSOR_SIZE = 24
# environment
IM_CONFIG_PHASE = 1
# default
.RECIPEPREFIX := 
# automatic
<F = $(notdir $<)
# makefile (from 'Makefile', line 38)
C_SOURCES = Core/Src/main.c Core/Src/stm32f4xx_it.c Core/Src/stm32f4xx_hal_msp.c Drivers/STM32F4xx_HAL_Driver/Src/stm32f4xx_hal_i2c.c Drivers/STM32F4xx_HAL_Driver/Src/stm32f4xx_hal_i2c_ex.c Drivers/STM32F4xx_HAL_Driver/Src/stm32f4xx_hal_rcc.c Drivers/STM32F4xx_HAL_Driver/Src/stm32f4xx_hal_rcc_ex.c Drivers/STM32F4xx_HAL_Driver/Src/stm32f4xx_hal_flash.c Drivers/STM32F4xx_HAL_Driver/Src/stm32f4xx_hal_flash_ex.c Drivers/STM32F4xx_HAL_Driver/Src/stm32f4xx_hal_flash_ramfunc.c Drivers/STM32F4xx_HAL_Driver/Src/stm32f4xx_hal_gpio.c Drivers/STM32F4xx_HAL_Driver/Src/stm32f4xx_hal_dma_ex.c Drivers/STM32F4xx_HAL_Driver/Src/stm32f4xx_hal_dma.c Drivers/STM32F4xx_HAL_Driver/Src/stm32f4xx_hal_pwr.c Drivers/STM32F4xx_HAL_Driver/Src/stm32f4xx_hal_pwr_ex.c Drivers/STM32F4xx_HAL_Driver/Src/stm32f4xx_hal_cortex.c Drivers/STM32F4xx_HAL_Driver/Src/stm32f4xx_hal.c Drivers/STM32F4xx_HAL_Driver/Src/stm32f4xx_hal_exti.c Drivers/STM32F4xx_HAL_Driver/Src/stm32f4xx_hal_tim.c Drivers/STM32F4xx_HAL_Driver/Src/stm32f4xx_hal_tim_ex.c Drivers/STM32F4xx_HAL_Driver/Src/stm32f4xx_hal_uart.c Core/Src/system_stm32f4xx.c  
# default
SUFFIXES := 
# makefile (from 'Makefile', line 16)
TARGET = aw9523b-demo-blackpill
# environment
QT_AUTO_SCREEN_SCALE_FACTOR = 0
# makefile (from 'Makefile', line 63)
ASM_SOURCES = startup_stm32f411xe.s
# environment
IOT_SOLUTION_PATH = /home/lth/esp/esp-iot-solution
# makefile (from 'Makefile', line 23)
DEBUG = 1
# environment
KDE_SESSION_VERSION = 5
# default
.FEATURES := target-specific order-only second-expansion else-if shortest-stem undefine oneshell nocomment grouped-target extra-prereqs archives jobserver output-sync check-symlink load
# makefile (from 'Makefile', line 79)
CC = $(PREFIX)gcc
# environment
KDE_FULL_SESSION = true
# variable set hash-table stats:
# Load=140/1024=14%, Rehash=0, Collisions=9/252=4%

# Pattern-specific Variable Values

# No pattern-specific variable values.

# Directories

# Drivers/STM32F4xx_HAL_Driver/Src (device 65029, inode 8423340): 96 files, no impossibilities.
# build (device 65029, inode 8470597): 74 files, no impossibilities.
# . (device 65029, inode 8423215): 12 files, no impossibilities.
# Core/Src (device 65029, inode 8423225): 6 files, no impossibilities.

# 188 files, no impossibilities in 4 directories.

# Implicit Rules

build/%.o: %.c Makefile | build
#  recipe to execute (from 'Makefile', line 164):
	$(CC) -c $(CFLAGS) -Wa,-a,-ad,-alms=$(BUILD_DIR)/$(notdir $(<:.c=.lst)) $< -o $@

build/%.o: %.s Makefile | build
#  recipe to execute (from 'Makefile', line 167):
	$(AS) -c $(CFLAGS) $< -o $@

build/%.hex: build/%.elf | build
#  recipe to execute (from 'Makefile', line 174):
	$(HEX) $< $@
	

build/%.bin: build/%.elf | build
#  recipe to execute (from 'Makefile', line 177):
	$(BIN) $< $@	
	

# 4 implicit rules, 0 (0.0%) terminal.
# Files

# Not a target:
build/stm32f4xx_hal_exti.d:
#  Implicit rule search has been done.
#  Last modified 2022-04-26 12:35:44.431887788
#  File has been updated.
#  Successfully updated.

Drivers/STM32F4xx_HAL_Driver/Inc/stm32f4xx_hal_cortex.h:
#  Implicit rule search has been done.
#  Last modified 2022-04-26 12:35:00.931736122
#  File has been updated.
#  Successfully updated.

Drivers/STM32F4xx_HAL_Driver/Inc/stm32f4xx_hal_gpio_ex.h:
#  Implicit rule search has been done.
#  Last modified 2022-04-26 12:35:01.21573711
#  File has been updated.
#  Successfully updated.

Core/Inc/main.h:
#  Implicit rule search has been done.
#  Last modified 2022-04-26 12:34:58.147
#  File has been updated.
#  Successfully updated.

build/stm32f4xx_hal_dma_ex.o: Drivers/STM32F4xx_HAL_Driver/Src/stm32f4xx_hal_dma_ex.c Makefile Drivers/STM32F4xx_HAL_Driver/Src/stm32f4xx_hal_dma_ex.c Drivers/STM32F4xx_HAL_Driver/Inc/stm32f4xx_hal.h Core/Inc/stm32f4xx_hal_conf.h Drivers/STM32F4xx_HAL_Driver/Inc/stm32f4xx_hal_rcc.h Drivers/STM32F4xx_HAL_Driver/Inc/stm32f4xx_hal_def.h Drivers/CMSIS/Device/ST/STM32F4xx/Include/stm32f4xx.h Drivers/CMSIS/Device/ST/STM32F4xx/Include/stm32f411xe.h Drivers/CMSIS/Include/core_cm4.h Drivers/CMSIS/Include/cmsis_version.h Drivers/CMSIS/Include/cmsis_compiler.h Drivers/CMSIS/Include/cmsis_gcc.h Drivers/CMSIS/Include/mpu_armv7.h Drivers/CMSIS/Device/ST/STM32F4xx/Include/system_stm32f4xx.h Drivers/STM32F4xx_HAL_Driver/Inc/Legacy/stm32_hal_legacy.h Drivers/STM32F4xx_HAL_Driver/Inc/stm32f4xx_hal_rcc_ex.h Drivers/STM32F4xx_HAL_Driver/Inc/stm32f4xx_hal_gpio.h Drivers/STM32F4xx_HAL_Driver/Inc/stm32f4xx_hal_gpio_ex.h Drivers/STM32F4xx_HAL_Driver/Inc/stm32f4xx_hal_exti.h Drivers/STM32F4xx_HAL_Driver/Inc/stm32f4xx_hal_dma.h Drivers/STM32F4xx_HAL_Driver/Inc/stm32f4xx_hal_dma_ex.h Drivers/STM32F4xx_HAL_Driver/Inc/stm32f4xx_hal_cortex.h Drivers/STM32F4xx_HAL_Driver/Inc/stm32f4xx_hal_flash.h Drivers/STM32F4xx_HAL_Driver/Inc/stm32f4xx_hal_flash_ex.h Drivers/STM32F4xx_HAL_Driver/Inc/stm32f4xx_hal_flash_ramfunc.h Drivers/STM32F4xx_HAL_Driver/Inc/stm32f4xx_hal_i2c.h Drivers/STM32F4xx_HAL_Driver/Inc/stm32f4xx_hal_i2c_ex.h Drivers/STM32F4xx_HAL_Driver/Inc/stm32f4xx_hal_pwr.h Drivers/STM32F4xx_HAL_Driver/Inc/stm32f4xx_hal_pwr_ex.h Drivers/STM32F4xx_HAL_Driver/Inc/stm32f4xx_hal_uart.h | build
#  Implicit rule search has been done.
#  Implicit/static pattern stem: 'stm32f4xx_hal_dma_ex'
#  Last modified 2022-04-26 12:35:43.999886279
#  File has been updated.
#  Successfully updated.
#  recipe to execute (from 'Makefile', line 164):
	$(CC) -c $(CFLAGS) -Wa,-a,-ad,-alms=$(BUILD_DIR)/$(notdir $(<:.c=.lst)) $< -o $@

# Not a target:
Drivers/STM32F4xx_HAL_Driver/Src/stm32f4xx_hal_i2c_ex.c:
#  Implicit rule search has been done.
#  Last modified 2022-04-26 12:35:02.671742174
#  File has been updated.
#  Successfully updated.

build/stm32f4xx_hal_exti.o: Drivers/STM32F4xx_HAL_Driver/Src/stm32f4xx_hal_exti.c Makefile Drivers/STM32F4xx_HAL_Driver/Src/stm32f4xx_hal_exti.c Drivers/STM32F4xx_HAL_Driver/Inc/stm32f4xx_hal.h Core/Inc/stm32f4xx_hal_conf.h Drivers/STM32F4xx_HAL_Driver/Inc/stm32f4xx_hal_rcc.h Drivers/STM32F4xx_HAL_Driver/Inc/stm32f4xx_hal_def.h Drivers/CMSIS/Device/ST/STM32F4xx/Include/stm32f4xx.h Drivers/CMSIS/Device/ST/STM32F4xx/Include/stm32f411xe.h Drivers/CMSIS/Include/core_cm4.h Drivers/CMSIS/Include/cmsis_version.h Drivers/CMSIS/Include/cmsis_compiler.h Drivers/CMSIS/Include/cmsis_gcc.h Drivers/CMSIS/Include/mpu_armv7.h Drivers/CMSIS/Device/ST/STM32F4xx/Include/system_stm32f4xx.h Drivers/STM32F4xx_HAL_Driver/Inc/Legacy/stm32_hal_legacy.h Drivers/STM32F4xx_HAL_Driver/Inc/stm32f4xx_hal_rcc_ex.h Drivers/STM32F4xx_HAL_Driver/Inc/stm32f4xx_hal_gpio.h Drivers/STM32F4xx_HAL_Driver/Inc/stm32f4xx_hal_gpio_ex.h Drivers/STM32F4xx_HAL_Driver/Inc/stm32f4xx_hal_exti.h Drivers/STM32F4xx_HAL_Driver/Inc/stm32f4xx_hal_dma.h Drivers/STM32F4xx_HAL_Driver/Inc/stm32f4xx_hal_dma_ex.h Drivers/STM32F4xx_HAL_Driver/Inc/stm32f4xx_hal_cortex.h Drivers/STM32F4xx_HAL_Driver/Inc/stm32f4xx_hal_flash.h Drivers/STM32F4xx_HAL_Driver/Inc/stm32f4xx_hal_flash_ex.h Drivers/STM32F4xx_HAL_Driver/Inc/stm32f4xx_hal_flash_ramfunc.h Drivers/STM32F4xx_HAL_Driver/Inc/stm32f4xx_hal_i2c.h Drivers/STM32F4xx_HAL_Driver/Inc/stm32f4xx_hal_i2c_ex.h Drivers/STM32F4xx_HAL_Driver/Inc/stm32f4xx_hal_pwr.h Drivers/STM32F4xx_HAL_Driver/Inc/stm32f4xx_hal_pwr_ex.h Drivers/STM32F4xx_HAL_Driver/Inc/stm32f4xx_hal_uart.h | build
#  Implicit rule search has been done.
#  Implicit/static pattern stem: 'stm32f4xx_hal_exti'
#  Last modified 2022-04-26 12:35:44.439887816
#  File has been updated.
#  Successfully updated.
#  recipe to execute (from 'Makefile', line 164):
	$(CC) -c $(CFLAGS) -Wa,-a,-ad,-alms=$(BUILD_DIR)/$(notdir $(<:.c=.lst)) $< -o $@

# Not a target:
build/stm32f4xx_hal_i2c_ex.d:
#  Implicit rule search has been done.
#  Last modified 2022-04-26 12:35:43.443884337
#  File has been updated.
#  Successfully updated.

# Not a target:
build/system_stm32f4xx.d:
#  Implicit rule search has been done.
#  Last modified 2022-04-26 12:35:45.143890276
#  File has been updated.
#  Successfully updated.

Drivers/STM32F4xx_HAL_Driver/Inc/stm32f4xx_hal_pwr_ex.h:
#  Implicit rule search has been done.
#  Last modified 2022-04-26 12:35:00.359734134
#  File has been updated.
#  Successfully updated.

# Not a target:
build/stm32f4xx_it.d:
#  Implicit rule search has been done.
#  Last modified 2022-04-26 12:35:41.495877529
#  File has been updated.
#  Successfully updated.

build/aw9523b-demo-blackpill.hex: build/aw9523b-demo-blackpill.elf | build
#  Implicit rule search has been done.
#  Implicit/static pattern stem: 'aw9523b-demo-blackpill'
#  Last modified 2022-04-26 12:35:45.495891507
#  File has been updated.
#  Successfully updated.
#  recipe to execute (from 'Makefile', line 174):
	$(HEX) $< $@
	

Drivers/CMSIS/Device/ST/STM32F4xx/Include/system_stm32f4xx.h:
#  Implicit rule search has been done.
#  Last modified 2022-04-26 12:35:20.155803052
#  File has been updated.
#  Successfully updated.

# Not a target:
Drivers/STM32F4xx_HAL_Driver/Src/stm32f4xx_hal_rcc.c:
#  Implicit rule search has been done.
#  Last modified 2022-04-26 12:35:01.74773896
#  File has been updated.
#  Successfully updated.

# Not a target:
Drivers/STM32F4xx_HAL_Driver/Src/stm32f4xx_hal_cortex.c:
#  Implicit rule search has been done.
#  Last modified 2022-04-26 12:35:02.755742466
#  File has been updated.
#  Successfully updated.

# Not a target:
build/stm32f4xx_hal_uart.d:
#  Implicit rule search has been done.
#  Last modified 2022-04-26 12:35:44.699888724
#  File has been updated.
#  Successfully updated.

build/system_stm32f4xx.o: Core/Src/system_stm32f4xx.c Makefile Core/Src/system_stm32f4xx.c Drivers/CMSIS/Device/ST/STM32F4xx/Include/stm32f4xx.h Drivers/CMSIS/Device/ST/STM32F4xx/Include/stm32f411xe.h Drivers/CMSIS/Include/core_cm4.h Drivers/CMSIS/Include/cmsis_version.h Drivers/CMSIS/Include/cmsis_compiler.h Drivers/CMSIS/Include/cmsis_gcc.h Drivers/CMSIS/Include/mpu_armv7.h Drivers/CMSIS/Device/ST/STM32F4xx/Include/system_stm32f4xx.h Drivers/STM32F4xx_HAL_Driver/Inc/stm32f4xx_hal.h Core/Inc/stm32f4xx_hal_conf.h Drivers/STM32F4xx_HAL_Driver/Inc/stm32f4xx_hal_rcc.h Drivers/STM32F4xx_HAL_Driver/Inc/stm32f4xx_hal_def.h Drivers/STM32F4xx_HAL_Driver/Inc/Legacy/stm32_hal_legacy.h Drivers/STM32F4xx_HAL_Driver/Inc/stm32f4xx_hal_rcc_ex.h Drivers/STM32F4xx_HAL_Driver/Inc/stm32f4xx_hal_gpio.h Drivers/STM32F4xx_HAL_Driver/Inc/stm32f4xx_hal_gpio_ex.h Drivers/STM32F4xx_HAL_Driver/Inc/stm32f4xx_hal_exti.h Drivers/STM32F4xx_HAL_Driver/Inc/stm32f4xx_hal_dma.h Drivers/STM32F4xx_HAL_Driver/Inc/stm32f4xx_hal_dma_ex.h Drivers/STM32F4xx_HAL_Driver/Inc/stm32f4xx_hal_cortex.h Drivers/STM32F4xx_HAL_Driver/Inc/stm32f4xx_hal_flash.h Drivers/STM32F4xx_HAL_Driver/Inc/stm32f4xx_hal_flash_ex.h Drivers/STM32F4xx_HAL_Driver/Inc/stm32f4xx_hal_flash_ramfunc.h Drivers/STM32F4xx_HAL_Driver/Inc/stm32f4xx_hal_i2c.h Drivers/STM32F4xx_HAL_Driver/Inc/stm32f4xx_hal_i2c_ex.h Drivers/STM32F4xx_HAL_Driver/Inc/stm32f4xx_hal_pwr.h Drivers/STM32F4xx_HAL_Driver/Inc/stm32f4xx_hal_pwr_ex.h Drivers/STM32F4xx_HAL_Driver/Inc/stm32f4xx_hal_uart.h | build
#  Implicit rule search has been done.
#  Implicit/static pattern stem: 'system_stm32f4xx'
 
#  Last modified 2022-04-26 12:35:45.147890291
#  File has been updated.
#  Successfully updated.
#  recipe to execute (from 'Makefile', line 164):
	$(CC) -c $(CFLAGS) -Wa,-a,-ad,-alms=$(BUILD_DIR)/$(notdir $(<:.c=.lst)) $< -o $@

build/aw9523b-demo-blackpill.bin: build/aw9523b-demo-blackpill.elf | build
#  Implicit rule search has been done.
#  Implicit/static pattern stem: 'aw9523b-demo-blackpill'
#  Last modified 2022-04-26 12:35:45.49989152
#  File has been updated.
#  Successfully updated.
#  recipe to execute (from 'Makefile', line 177):
	$(BIN) $< $@	
	

# Not a target:
Makefile:
#  Implicit rule search has been done.
#  Last modified 2022-04-26 12:35:07.98776067
#  File has been updated.
#  Successfully updated.

build/stm32f4xx_hal_uart.o: Drivers/STM32F4xx_HAL_Driver/Src/stm32f4xx_hal_uart.c Makefile Drivers/STM32F4xx_HAL_Driver/Src/stm32f4xx_hal_uart.c Drivers/STM32F4xx_HAL_Driver/Inc/stm32f4xx_hal.h Core/Inc/stm32f4xx_hal_conf.h Drivers/STM32F4xx_HAL_Driver/Inc/stm32f4xx_hal_rcc.h Drivers/STM32F4xx_HAL_Driver/Inc/stm32f4xx_hal_def.h Drivers/CMSIS/Device/ST/STM32F4xx/Include/stm32f4xx.h Drivers/CMSIS/Device/ST/STM32F4xx/Include/stm32f411xe.h Drivers/CMSIS/Include/core_cm4.h Drivers/CMSIS/Include/cmsis_version.h Drivers/CMSIS/Include/cmsis_compiler.h Drivers/CMSIS/Include/cmsis_gcc.h Drivers/CMSIS/Include/mpu_armv7.h Drivers/CMSIS/Device/ST/STM32F4xx/Include/system_stm32f4xx.h Drivers/STM32F4xx_HAL_Driver/Inc/Legacy/stm32_hal_legacy.h Drivers/STM32F4xx_HAL_Driver/Inc/stm32f4xx_hal_rcc_ex.h Drivers/STM32F4xx_HAL_Driver/Inc/stm32f4xx_hal_gpio.h Drivers/STM32F4xx_HAL_Driver/Inc/stm32f4xx_hal_gpio_ex.h Drivers/STM32F4xx_HAL_Driver/Inc/stm32f4xx_hal_exti.h Drivers/STM32F4xx_HAL_Driver/Inc/stm32f4xx_hal_dma.h Drivers/STM32F4xx_HAL_Driver/Inc/stm32f4xx_hal_dma_ex.h Drivers/STM32F4xx_HAL_Driver/Inc/stm32f4xx_hal_cortex.h Drivers/STM32F4xx_HAL_Driver/Inc/stm32f4xx_hal_flash.h Drivers/STM32F4xx_HAL_Driver/Inc/stm32f4xx_hal_flash_ex.h Drivers/STM32F4xx_HAL_Driver/Inc/stm32f4xx_hal_flash_ramfunc.h Drivers/STM32F4xx_HAL_Driver/Inc/stm32f4xx_hal_i2c.h Drivers/STM32F4xx_HAL_Driver/Inc/stm32f4xx_hal_i2c_ex.h Drivers/STM32F4xx_HAL_Driver/Inc/stm32f4xx_hal_pwr.h Drivers/STM32F4xx_HAL_Driver/Inc/stm32f4xx_hal_pwr_ex.h Drivers/STM32F4xx_HAL_Driver/Inc/stm32f4xx_hal_uart.h | build
#  Implicit rule search has been done.
#  Implicit/static pattern stem: 'stm32f4xx_hal_uart'
#  Last modified 2022-04-26 12:35:45.103890137
#  File has been updated.
#  Successfully updated.
#  recipe to execute (from 'Makefile', line 164):
	$(CC) -c $(CFLAGS) -Wa,-a,-ad,-alms=$(BUILD_DIR)/$(notdir $(<:.c=.lst)) $< -o $@

# Not a target:
build/stm32f4xx_hal_flash.d:
#  Implicit rule search has been done.
#  Last modified 2022-04-26 12:35:43.675885146
#  File has been updated.
#  Successfully updated.

build/stm32f4xx_hal_i2c.o: Drivers/STM32F4xx_HAL_Driver/Src/stm32f4xx_hal_i2c.c Makefile Drivers/STM32F4xx_HAL_Driver/Src/stm32f4xx_hal_i2c.c Drivers/STM32F4xx_HAL_Driver/Inc/stm32f4xx_hal.h Core/Inc/stm32f4xx_hal_conf.h Drivers/STM32F4xx_HAL_Driver/Inc/stm32f4xx_hal_rcc.h Drivers/STM32F4xx_HAL_Driver/Inc/stm32f4xx_hal_def.h Drivers/CMSIS/Device/ST/STM32F4xx/Include/stm32f4xx.h Drivers/CMSIS/Device/ST/STM32F4xx/Include/stm32f411xe.h Drivers/CMSIS/Include/core_cm4.h Drivers/CMSIS/Include/cmsis_version.h Drivers/CMSIS/Include/cmsis_compiler.h Drivers/CMSIS/Include/cmsis_gcc.h Drivers/CMSIS/Include/mpu_armv7.h Drivers/CMSIS/Device/ST/STM32F4xx/Include/system_stm32f4xx.h Drivers/STM32F4xx_HAL_Driver/Inc/Legacy/stm32_hal_legacy.h Drivers/STM32F4xx_HAL_Driver/Inc/stm32f4xx_hal_rcc_ex.h Drivers/STM32F4xx_HAL_Driver/Inc/stm32f4xx_hal_gpio.h Drivers/STM32F4xx_HAL_Driver/Inc/stm32f4xx_hal_gpio_ex.h Drivers/STM32F4xx_HAL_Driver/Inc/stm32f4xx_hal_exti.h Drivers/STM32F4xx_HAL_Driver/Inc/stm32f4xx_hal_dma.h Drivers/STM32F4xx_HAL_Driver/Inc/stm32f4xx_hal_dma_ex.h Drivers/STM32F4xx_HAL_Driver/Inc/stm32f4xx_hal_cortex.h Drivers/STM32F4xx_HAL_Driver/Inc/stm32f4xx_hal_flash.h Drivers/STM32F4xx_HAL_Driver/Inc/stm32f4xx_hal_flash_ex.h Drivers/STM32F4xx_HAL_Driver/Inc/stm32f4xx_hal_flash_ramfunc.h Drivers/STM32F4xx_HAL_Driver/Inc/stm32f4xx_hal_i2c.h Drivers/STM32F4xx_HAL_Driver/Inc/stm32f4xx_hal_i2c_ex.h Drivers/STM32F4xx_HAL_Driver/Inc/stm32f4xx_hal_pwr.h Drivers/STM32F4xx_HAL_Driver/Inc/stm32f4xx_hal_pwr_ex.h Drivers/STM32F4xx_HAL_Driver/Inc/stm32f4xx_hal_uart.h | build
#  Implicit rule search has been done.
#  Implicit/static pattern stem: 'stm32f4xx_hal_i2c'
#  Last modified 2022-04-26 12:35:43.403884196
#  File has been updated.
#  Successfully updated.
#  recipe to execute (from 'Makefile', line 164):
	$(CC) -c $(CFLAGS) -Wa,-a,-ad,-alms=$(BUILD_DIR)/$(notdir $(<:.c=.lst)) $< -o $@

# Not a target:
build/stm32f4xx_hal_msp.d:
#  Implicit rule search has been done.
#  Last modified 2022-04-26 12:35:41.547877712
#  File has been updated.
#  Successfully updated.

Drivers/STM32F4xx_HAL_Driver/Inc/stm32f4xx_hal.h:
#  Implicit rule search has been done.
#  Last modified 2022-04-26 12:35:00.295733912
#  File has been updated.
#  Successfully updated.

Drivers/STM32F4xx_HAL_Driver/Inc/Legacy/stm32_hal_legacy.h:
#  Implicit rule search has been done.
#  Last modified 2022-04-26 12:35:04.955750119
#  File has been updated.
#  Successfully updated.

# Not a target:
build/stm32f4xx_hal_tim_ex.d:
#  Implicit rule search has been done.
#  Last modified 2022-04-26 12:35:44.511888068
#  File has been updated.
#  Successfully updated.

# Not a target:
Drivers/STM32F4xx_HAL_Driver/Src/stm32f4xx_hal_uart.c:
#  Implicit rule search has been done.
#  Last modified 2022-04-26 12:35:01.847739308
#  File has been updated.
#  Successfully updated.

build/stm32f4xx_hal_cortex.o: Drivers/STM32F4xx_HAL_Driver/Src/stm32f4xx_hal_cortex.c Makefile Drivers/STM32F4xx_HAL_Driver/Src/stm32f4xx_hal_cortex.c Drivers/STM32F4xx_HAL_Driver/Inc/stm32f4xx_hal.h Core/Inc/stm32f4xx_hal_conf.h Drivers/STM32F4xx_HAL_Driver/Inc/stm32f4xx_hal_rcc.h Drivers/STM32F4xx_HAL_Driver/Inc/stm32f4xx_hal_def.h Drivers/CMSIS/Device/ST/STM32F4xx/Include/stm32f4xx.h Drivers/CMSIS/Device/ST/STM32F4xx/Include/stm32f411xe.h Drivers/CMSIS/Include/core_cm4.h Drivers/CMSIS/Include/cmsis_version.h Drivers/CMSIS/Include/cmsis_compiler.h Drivers/CMSIS/Include/cmsis_gcc.h Drivers/CMSIS/Include/mpu_armv7.h Drivers/CMSIS/Device/ST/STM32F4xx/Include/system_stm32f4xx.h Drivers/STM32F4xx_HAL_Driver/Inc/Legacy/stm32_hal_legacy.h Drivers/STM32F4xx_HAL_Driver/Inc/stm32f4xx_hal_rcc_ex.h Drivers/STM32F4xx_HAL_Driver/Inc/stm32f4xx_hal_gpio.h Drivers/STM32F4xx_HAL_Driver/Inc/stm32f4xx_hal_gpio_ex.h Drivers/STM32F4xx_HAL_Driver/Inc/stm32f4xx_hal_exti.h Drivers/STM32F4xx_HAL_Driver/Inc/stm32f4xx_hal_dma.h Drivers/STM32F4xx_HAL_Driver/Inc/stm32f4xx_hal_dma_ex.h Drivers/STM32F4xx_HAL_Driver/Inc/stm32f4xx_hal_cortex.h Drivers/STM32F4xx_HAL_Driver/Inc/stm32f4xx_hal_flash.h Drivers/STM32F4xx_HAL_Driver/Inc/stm32f4xx_hal_flash_ex.h Drivers/STM32F4xx_HAL_Driver/Inc/stm32f4xx_hal_flash_ramfunc.h Drivers/STM32F4xx_HAL_Driver/Inc/stm32f4xx_hal_i2c.h Drivers/STM32F4xx_HAL_Driver/Inc/stm32f4xx_hal_i2c_ex.h Drivers/STM32F4xx_HAL_Driver/Inc/stm32f4xx_hal_pwr.h Drivers/STM32F4xx_HAL_Driver/Inc/stm32f4xx_hal_pwr_ex.h Drivers/STM32F4xx_HAL_Driver/Inc/stm32f4xx_hal_uart.h | build
#  Implicit rule search has been done.
#  Implicit/static pattern stem: 'stm32f4xx_hal_cortex'
#  Last modified 2022-04-26 12:35:44.319887397
#  File has been updated.
#  Successfully updated.
#  recipe to execute (from 'Makefile', line 164):
	$(CC) -c $(CFLAGS) -Wa,-a,-ad,-alms=$(BUILD_DIR)/$(notdir $(<:.c=.lst)) $< -o $@

build/stm32f4xx_hal_rcc_ex.o: Drivers/STM32F4xx_HAL_Driver/Src/stm32f4xx_hal_rcc_ex.c Makefile Drivers/STM32F4xx_HAL_Driver/Src/stm32f4xx_hal_rcc_ex.c Drivers/STM32F4xx_HAL_Driver/Inc/stm32f4xx_hal.h Core/Inc/stm32f4xx_hal_conf.h Drivers/STM32F4xx_HAL_Driver/Inc/stm32f4xx_hal_rcc.h Drivers/STM32F4xx_HAL_Driver/Inc/stm32f4xx_hal_def.h Drivers/CMSIS/Device/ST/STM32F4xx/Include/stm32f4xx.h Drivers/CMSIS/Device/ST/STM32F4xx/Include/stm32f411xe.h Drivers/CMSIS/Include/core_cm4.h Drivers/CMSIS/Include/cmsis_version.h Drivers/CMSIS/Include/cmsis_compiler.h Drivers/CMSIS/Include/cmsis_gcc.h Drivers/CMSIS/Include/mpu_armv7.h Drivers/CMSIS/Device/ST/STM32F4xx/Include/system_stm32f4xx.h Drivers/STM32F4xx_HAL_Driver/Inc/Legacy/stm32_hal_legacy.h Drivers/STM32F4xx_HAL_Driver/Inc/stm32f4xx_hal_rcc_ex.h Drivers/STM32F4xx_HAL_Driver/Inc/stm32f4xx_hal_gpio.h Drivers/STM32F4xx_HAL_Driver/Inc/stm32f4xx_hal_gpio_ex.h Drivers/STM32F4xx_HAL_Driver/Inc/stm32f4xx_hal_exti.h Drivers/STM32F4xx_HAL_Driver/Inc/stm32f4xx_hal_dma.h Drivers/STM32F4xx_HAL_Driver/Inc/stm32f4xx_hal_dma_ex.h Drivers/STM32F4xx_HAL_Driver/Inc/stm32f4xx_hal_cortex.h Drivers/STM32F4xx_HAL_Driver/Inc/stm32f4xx_hal_flash.h Drivers/STM32F4xx_HAL_Driver/Inc/stm32f4xx_hal_flash_ex.h Drivers/STM32F4xx_HAL_Driver/Inc/stm32f4xx_hal_flash_ramfunc.h Drivers/STM32F4xx_HAL_Driver/Inc/stm32f4xx_hal_i2c.h Drivers/STM32F4xx_HAL_Driver/Inc/stm32f4xx_hal_i2c_ex.h Drivers/STM32F4xx_HAL_Driver/Inc/stm32f4xx_hal_pwr.h Drivers/STM32F4xx_HAL_Driver/Inc/stm32f4xx_hal_pwr_ex.h Drivers/STM32F4xx_HAL_Driver/Inc/stm32f4xx_hal_uart.h | build
#  Implicit rule search has been done.
#  Implicit/static pattern stem: 'stm32f4xx_hal_rcc_ex'
#  Last modified 2022-04-26 12:35:43.615884937
#  File has been updated.
#  Successfully updated.
#  recipe to execute (from 'Makefile', line 164):
	$(CC) -c $(CFLAGS) -Wa,-a,-ad,-alms=$(BUILD_DIR)/$(notdir $(<:.c=.lst)) $< -o $@

# Not a target:
Drivers/STM32F4xx_HAL_Driver/Src/stm32f4xx_hal_rcc_ex.c:
#  Implicit rule search has been done.
#  Last modified 2022-04-26 12:35:02.8517428
#  File has been updated.
#  Successfully updated.

Drivers/STM32F4xx_HAL_Driver/Inc/stm32f4xx_hal_rcc_ex.h:
#  Implicit rule search has been done.
#  Last modified 2022-04-26 12:35:00.903736025
#  File has been updated.
#  Successfully updated.

clean:
#  Implicit rule search has not been done.
#  Modification time never checked.
#  File has not been updated.
#  recipe to execute (from 'Makefile', line 186):
	-rm -fR $(BUILD_DIR)

# Not a target:
startup_stm32f411xe.s:
#  Implicit rule search has been done.
#  Last modified 2022-03-17 16:56:08.191
#  File has been updated.
#  Successfully updated.

build/stm32f4xx_hal_tim.o: Drivers/STM32F4xx_HAL_Driver/Src/stm32f4xx_hal_tim.c Makefile Drivers/STM32F4xx_HAL_Driver/Src/stm32f4xx_hal_tim.c Drivers/STM32F4xx_HAL_Driver/Inc/stm32f4xx_hal.h Core/Inc/stm32f4xx_hal_conf.h Drivers/STM32F4xx_HAL_Driver/Inc/stm32f4xx_hal_rcc.h Drivers/STM32F4xx_HAL_Driver/Inc/stm32f4xx_hal_def.h Drivers/CMSIS/Device/ST/STM32F4xx/Include/stm32f4xx.h Drivers/CMSIS/Device/ST/STM32F4xx/Include/stm32f411xe.h Drivers/CMSIS/Include/core_cm4.h Drivers/CMSIS/Include/cmsis_version.h Drivers/CMSIS/Include/cmsis_compiler.h Drivers/CMSIS/Include/cmsis_gcc.h Drivers/CMSIS/Include/mpu_armv7.h Drivers/CMSIS/Device/ST/STM32F4xx/Include/system_stm32f4xx.h Drivers/STM32F4xx_HAL_Driver/Inc/Legacy/stm32_hal_legacy.h Drivers/STM32F4xx_HAL_Driver/Inc/stm32f4xx_hal_rcc_ex.h Drivers/STM32F4xx_HAL_Driver/Inc/stm32f4xx_hal_gpio.h Drivers/STM32F4xx_HAL_Driver/Inc/stm32f4xx_hal_gpio_ex.h Drivers/STM32F4xx_HAL_Driver/Inc/stm32f4xx_hal_exti.h Drivers/STM32F4xx_HAL_Driver/Inc/stm32f4xx_hal_dma.h Drivers/STM32F4xx_HAL_Driver/Inc/stm32f4xx_hal_dma_ex.h Drivers/STM32F4xx_HAL_Driver/Inc/stm32f4xx_hal_cortex.h Drivers/STM32F4xx_HAL_Driver/Inc/stm32f4xx_hal_flash.h Drivers/STM32F4xx_HAL_Driver/Inc/stm32f4xx_hal_flash_ex.h Drivers/STM32F4xx_HAL_Driver/Inc/stm32f4xx_hal_flash_ramfunc.h Drivers/STM32F4xx_HAL_Driver/Inc/stm32f4xx_hal_i2c.h Drivers/STM32F4xx_HAL_Driver/Inc/stm32f4xx_hal_i2c_ex.h Drivers/STM32F4xx_HAL_Driver/Inc/stm32f4xx_hal_pwr.h Drivers/STM32F4xx_HAL_Driver/Inc/stm32f4xx_hal_pwr_ex.h Drivers/STM32F4xx_HAL_Driver/Inc/stm32f4xx_hal_uart.h | build
#  Implicit rule search has been done.
#  Implicit/static pattern stem: 'stm32f4xx_hal_tim'
#  Last modified 2022-04-26 12:35:44.479887955
#  File has been updated.
#  Successfully updated.
#  recipe to execute (from 'Makefile', line 164):
	$(CC) -c $(CFLAGS) -Wa,-a,-ad,-alms=$(BUILD_DIR)/$(notdir $(<:.c=.lst)) $< -o $@

build/stm32f4xx_hal_pwr.o: Drivers/STM32F4xx_HAL_Driver/Src/stm32f4xx_hal_pwr.c Makefile Drivers/STM32F4xx_HAL_Driver/Src/stm32f4xx_hal_pwr.c Drivers/STM32F4xx_HAL_Driver/Inc/stm32f4xx_hal.h Core/Inc/stm32f4xx_hal_conf.h Drivers/STM32F4xx_HAL_Driver/Inc/stm32f4xx_hal_rcc.h Drivers/STM32F4xx_HAL_Driver/Inc/stm32f4xx_hal_def.h Drivers/CMSIS/Device/ST/STM32F4xx/Include/stm32f4xx.h Drivers/CMSIS/Device/ST/STM32F4xx/Include/stm32f411xe.h Drivers/CMSIS/Include/core_cm4.h Drivers/CMSIS/Include/cmsis_version.h Drivers/CMSIS/Include/cmsis_compiler.h Drivers/CMSIS/Include/cmsis_gcc.h Drivers/CMSIS/Include/mpu_armv7.h Drivers/CMSIS/Device/ST/STM32F4xx/Include/system_stm32f4xx.h Drivers/STM32F4xx_HAL_Driver/Inc/Legacy/stm32_hal_legacy.h Drivers/STM32F4xx_HAL_Driver/Inc/stm32f4xx_hal_rcc_ex.h Drivers/STM32F4xx_HAL_Driver/Inc/stm32f4xx_hal_gpio.h Drivers/STM32F4xx_HAL_Driver/Inc/stm32f4xx_hal_gpio_ex.h Drivers/STM32F4xx_HAL_Driver/Inc/stm32f4xx_hal_exti.h Drivers/STM32F4xx_HAL_Driver/Inc/stm32f4xx_hal_dma.h Drivers/STM32F4xx_HAL_Driver/Inc/stm32f4xx_hal_dma_ex.h Drivers/STM32F4xx_HAL_Driver/Inc/stm32f4xx_hal_cortex.h Drivers/STM32F4xx_HAL_Driver/Inc/stm32f4xx_hal_flash.h Drivers/STM32F4xx_HAL_Driver/Inc/stm32f4xx_hal_flash_ex.h Drivers/STM32F4xx_HAL_Driver/Inc/stm32f4xx_hal_flash_ramfunc.h Drivers/STM32F4xx_HAL_Driver/Inc/stm32f4xx_hal_i2c.h Drivers/STM32F4xx_HAL_Driver/Inc/stm32f4xx_hal_i2c_ex.h Drivers/STM32F4xx_HAL_Driver/Inc/stm32f4xx_hal_pwr.h Drivers/STM32F4xx_HAL_Driver/Inc/stm32f4xx_hal_pwr_ex.h Drivers/STM32F4xx_HAL_Driver/Inc/stm32f4xx_hal_uart.h | build
#  Implicit rule search has been done.
#  Implicit/static pattern stem: 'stm32f4xx_hal_pwr'
#  Last modified 2022-04-26 12:35:44.19188695
#  File has been updated.
#  Successfully updated.
#  recipe to execute (from 'Makefile', line 164):
	$(CC) -c $(CFLAGS) -Wa,-a,-ad,-alms=$(BUILD_DIR)/$(notdir $(<:.c=.lst)) $< -o $@

Drivers/STM32F4xx_HAL_Driver/Inc/stm32f4xx_hal_gpio.h:
#  Implicit rule search has been done.
#  Last modified 2022-04-26 12:34:59.815732243
#  File has been updated.
#  Successfully updated.

# Not a target:
Core/Src/system_stm32f4xx.c:
#  Implicit rule search has been done.
#  Last modified 2022-04-26 12:35:04.995750258
#  File has been updated.
#  Successfully updated.

Drivers/STM32F4xx_HAL_Driver/Inc/stm32f4xx_hal_flash.h:
#  Implicit rule search has been done.
#  Last modified 2022-04-26 12:35:00.735735441
#  File has been updated.
#  Successfully updated.

Drivers/STM32F4xx_HAL_Driver/Inc/stm32f4xx_hal_exti.h:
#  Implicit rule search has been done.
#  Last modified 2022-04-26 12:35:01.043736512
#  File has been updated.
#  Successfully updated.

build/stm32f4xx_hal_flash_ramfunc.o: Drivers/STM32F4xx_HAL_Driver/Src/stm32f4xx_hal_flash_ramfunc.c Makefile Drivers/STM32F4xx_HAL_Driver/Src/stm32f4xx_hal_flash_ramfunc.c Drivers/STM32F4xx_HAL_Driver/Inc/stm32f4xx_hal.h Core/Inc/stm32f4xx_hal_conf.h Drivers/STM32F4xx_HAL_Driver/Inc/stm32f4xx_hal_rcc.h Drivers/STM32F4xx_HAL_Driver/Inc/stm32f4xx_hal_def.h Drivers/CMSIS/Device/ST/STM32F4xx/Include/stm32f4xx.h Drivers/CMSIS/Device/ST/STM32F4xx/Include/stm32f411xe.h Drivers/CMSIS/Include/core_cm4.h Drivers/CMSIS/Include/cmsis_version.h Drivers/CMSIS/Include/cmsis_compiler.h Drivers/CMSIS/Include/cmsis_gcc.h Drivers/CMSIS/Include/mpu_armv7.h Drivers/CMSIS/Device/ST/STM32F4xx/Include/system_stm32f4xx.h Drivers/STM32F4xx_HAL_Driver/Inc/Legacy/stm32_hal_legacy.h Drivers/STM32F4xx_HAL_Driver/Inc/stm32f4xx_hal_rcc_ex.h Drivers/STM32F4xx_HAL_Driver/Inc/stm32f4xx_hal_gpio.h Drivers/STM32F4xx_HAL_Driver/Inc/stm32f4xx_hal_gpio_ex.h Drivers/STM32F4xx_HAL_Driver/Inc/stm32f4xx_hal_exti.h Drivers/STM32F4xx_HAL_Driver/Inc/stm32f4xx_hal_dma.h Drivers/STM32F4xx_HAL_Driver/Inc/stm32f4xx_hal_dma_ex.h Drivers/STM32F4xx_HAL_Driver/Inc/stm32f4xx_hal_cortex.h Drivers/STM32F4xx_HAL_Driver/Inc/stm32f4xx_hal_flash.h Drivers/STM32F4xx_HAL_Driver/Inc/stm32f4xx_hal_flash_ex.h Drivers/STM32F4xx_HAL_Driver/Inc/stm32f4xx_hal_flash_ramfunc.h Drivers/STM32F4xx_HAL_Driver/Inc/stm32f4xx_hal_i2c.h Drivers/STM32F4xx_HAL_Driver/Inc/stm32f4xx_hal_i2c_ex.h Drivers/STM32F4xx_HAL_Driver/Inc/stm32f4xx_hal_pwr.h Drivers/STM32F4xx_HAL_Driver/Inc/stm32f4xx_hal_pwr_ex.h Drivers/STM32F4xx_HAL_Driver/Inc/stm32f4xx_hal_uart.h | build
#  Implicit rule search has been done.
#  Implicit/static pattern stem: 'stm32f4xx_hal_flash_ramfunc'
#  Last modified 2022-04-26 12:35:43.843885734
#  File has been updated.
#  Successfully updated.
#  recipe to execute (from 'Makefile', line 164):
	$(CC) -c $(CFLAGS) -Wa,-a,-ad,-alms=$(BUILD_DIR)/$(notdir $(<:.c=.lst)) $< -o $@

Core/Inc/stm32f4xx_hal_conf.h:
#  Implicit rule search has been done.
#  Last modified 2022-04-26 12:34:57.991725901
#  File has been updated.
#  Successfully updated.

# Not a target:
build/stm32f4xx_hal_cortex.d:
#  Implicit rule search has been done.
#  Last modified 2022-04-26 12:35:44.30388734
#  File has been updated.
#  Successfully updated.

Drivers/STM32F4xx_HAL_Driver/Inc/stm32f4xx_hal_rcc.h:
#  Implicit rule search has been done.
#  Last modified 2022-04-26 12:34:59.323730532
#  File has been updated.
#  Successfully updated.

Drivers/STM32F4xx_HAL_Driver/Inc/stm32f4xx_hal_flash_ex.h:
#  Implicit rule search has been done.
#  Last modified 2022-04-26 12:35:00.635735094
#  File has been updated.
#  Successfully updated.

Drivers/CMSIS/Device/ST/STM32F4xx/Include/stm32f411xe.h:
#  Implicit rule search has been done.
#  Last modified 2022-04-26 12:35:20.155803052
#  File has been updated.
#  Successfully updated.

# Not a target:
Drivers/STM32F4xx_HAL_Driver/Src/stm32f4xx_hal_dma_ex.c:
#  Implicit rule search has been done.
#  Last modified 2022-04-26 12:35:03.527745151
#  File has been updated.
#  Successfully updated.

Drivers/CMSIS/Include/cmsis_compiler.h:
#  Implicit rule search has been done.
#  Last modified 2022-04-26 12:35:20.003802522
#  File has been updated.
#  Successfully updated.

build/stm32f4xx_hal.o: Drivers/STM32F4xx_HAL_Driver/Src/stm32f4xx_hal.c Makefile Drivers/STM32F4xx_HAL_Driver/Src/stm32f4xx_hal.c Drivers/STM32F4xx_HAL_Driver/Inc/stm32f4xx_hal.h Core/Inc/stm32f4xx_hal_conf.h Drivers/STM32F4xx_HAL_Driver/Inc/stm32f4xx_hal_rcc.h Drivers/STM32F4xx_HAL_Driver/Inc/stm32f4xx_hal_def.h Drivers/CMSIS/Device/ST/STM32F4xx/Include/stm32f4xx.h Drivers/CMSIS/Device/ST/STM32F4xx/Include/stm32f411xe.h Drivers/CMSIS/Include/core_cm4.h Drivers/CMSIS/Include/cmsis_version.h Drivers/CMSIS/Include/cmsis_compiler.h Drivers/CMSIS/Include/cmsis_gcc.h Drivers/CMSIS/Include/mpu_armv7.h Drivers/CMSIS/Device/ST/STM32F4xx/Include/system_stm32f4xx.h Drivers/STM32F4xx_HAL_Driver/Inc/Legacy/stm32_hal_legacy.h Drivers/STM32F4xx_HAL_Driver/Inc/stm32f4xx_hal_rcc_ex.h Drivers/STM32F4xx_HAL_Driver/Inc/stm32f4xx_hal_gpio.h Drivers/STM32F4xx_HAL_Driver/Inc/stm32f4xx_hal_gpio_ex.h Drivers/STM32F4xx_HAL_Driver/Inc/stm32f4xx_hal_exti.h Drivers/STM32F4xx_HAL_Driver/Inc/stm32f4xx_hal_dma.h Drivers/STM32F4xx_HAL_Driver/Inc/stm32f4xx_hal_dma_ex.h Drivers/STM32F4xx_HAL_Driver/Inc/stm32f4xx_hal_cortex.h Drivers/STM32F4xx_HAL_Driver/Inc/stm32f4xx_hal_flash.h Drivers/STM32F4xx_HAL_Driver/Inc/stm32f4xx_hal_flash_ex.h Drivers/STM32F4xx_HAL_Driver/Inc/stm32f4xx_hal_flash_ramfunc.h Drivers/STM32F4xx_HAL_Driver/Inc/stm32f4xx_hal_i2c.h Drivers/STM32F4xx_HAL_Driver/Inc/stm32f4xx_hal_i2c_ex.h Drivers/STM32F4xx_HAL_Driver/Inc/stm32f4xx_hal_pwr.h Drivers/STM32F4xx_HAL_Driver/Inc/stm32f4xx_hal_pwr_ex.h Drivers/STM32F4xx_HAL_Driver/Inc/stm32f4xx_hal_uart.h | build
#  Implicit rule search has been done.
#  Implicit/static pattern stem: 'stm32f4xx_hal'
#  Last modified 2022-04-26 12:35:44.379887607
#  File has been updated.
#  Successfully updated.
#  recipe to execute (from 'Makefile', line 164):
	$(CC) -c $(CFLAGS) -Wa,-a,-ad,-alms=$(BUILD_DIR)/$(notdir $(<:.c=.lst)) $< -o $@

# Not a target:
build/stm32f4xx_hal_dma.d:
#  Implicit rule search has been done.
#  Last modified 2022-04-26 12:35:44.079886559
#  File has been updated.
#  Successfully updated.

# Not a target:
build/stm32f4xx_hal_gpio.d:
#  Implicit rule search has been done.
#  Last modified 2022-04-26 12:35:43.895885916
#  File has been updated.
#  Successfully updated.

build/stm32f4xx_hal_pwr_ex.o: Drivers/STM32F4xx_HAL_Driver/Src/stm32f4xx_hal_pwr_ex.c Makefile Drivers/STM32F4xx_HAL_Driver/Src/stm32f4xx_hal_pwr_ex.c Drivers/STM32F4xx_HAL_Driver/Inc/stm32f4xx_hal.h Core/Inc/stm32f4xx_hal_conf.h Drivers/STM32F4xx_HAL_Driver/Inc/stm32f4xx_hal_rcc.h Drivers/STM32F4xx_HAL_Driver/Inc/stm32f4xx_hal_def.h Drivers/CMSIS/Device/ST/STM32F4xx/Include/stm32f4xx.h Drivers/CMSIS/Device/ST/STM32F4xx/Include/stm32f411xe.h Drivers/CMSIS/Include/core_cm4.h Drivers/CMSIS/Include/cmsis_version.h Drivers/CMSIS/Include/cmsis_compiler.h Drivers/CMSIS/Include/cmsis_gcc.h Drivers/CMSIS/Include/mpu_armv7.h Drivers/CMSIS/Device/ST/STM32F4xx/Include/system_stm32f4xx.h Drivers/STM32F4xx_HAL_Driver/Inc/Legacy/stm32_hal_legacy.h Drivers/STM32F4xx_HAL_Driver/Inc/stm32f4xx_hal_rcc_ex.h Drivers/STM32F4xx_HAL_Driver/Inc/stm32f4xx_hal_gpio.h Drivers/STM32F4xx_HAL_Driver/Inc/stm32f4xx_hal_gpio_ex.h Drivers/STM32F4xx_HAL_Driver/Inc/stm32f4xx_hal_exti.h Drivers/STM32F4xx_HAL_Driver/Inc/stm32f4xx_hal_dma.h Drivers/STM32F4xx_HAL_Driver/Inc/stm32f4xx_hal_dma_ex.h Drivers/STM32F4xx_HAL_Driver/Inc/stm32f4xx_hal_cortex.h Drivers/STM32F4xx_HAL_Driver/Inc/stm32f4xx_hal_flash.h Drivers/STM32F4xx_HAL_Driver/Inc/stm32f4xx_hal_flash_ex.h Drivers/STM32F4xx_HAL_Driver/Inc/stm32f4xx_hal_flash_ramfunc.h Drivers/STM32F4xx_HAL_Driver/Inc/stm32f4xx_hal_i2c.h Drivers/STM32F4xx_HAL_Driver/Inc/stm32f4xx_hal_i2c_ex.h Drivers/STM32F4xx_HAL_Driver/Inc/stm32f4xx_hal_pwr.h Drivers/STM32F4xx_HAL_Driver/Inc/stm32f4xx_hal_pwr_ex.h Drivers/STM32F4xx_HAL_Driver/Inc/stm32f4xx_hal_uart.h | build
#  Implicit rule search has been done.
#  Implicit/static pattern stem: 'stm32f4xx_hal_pwr_ex'
#  Last modified 2022-04-26 12:35:44.243887132
#  File has been updated.
#  Successfully updated.
#  recipe to execute (from 'Makefile', line 164):
	$(CC) -c $(CFLAGS) -Wa,-a,-ad,-alms=$(BUILD_DIR)/$(notdir $(<:.c=.lst)) $< -o $@

# Not a target:
build/stm32f4xx_hal_pwr_ex.d:
#  Implicit rule search has been done.
#  Last modified 2022-04-26 12:35:44.239887118
#  File has been updated.
#  Successfully updated.

# Not a target:
Drivers/STM32F4xx_HAL_Driver/Src/stm32f4xx_hal_flash_ramfunc.c:
#  Implicit rule search has been done.
 
#  Last modified 2022-04-26 12:35:01.85973935
#  File has been updated.
#  Successfully updated.

Drivers/STM32F4xx_HAL_Driver/Inc/stm32f4xx_hal_pwr.h:
#  Implicit rule search has been done.
#  Last modified 2022-04-26 12:35:00.671735219
#  File has been updated.
#  Successfully updated.

build/stm32f4xx_hal_flash.o: Drivers/STM32F4xx_HAL_Driver/Src/stm32f4xx_hal_flash.c Makefile Drivers/STM32F4xx_HAL_Driver/Src/stm32f4xx_hal_flash.c Drivers/STM32F4xx_HAL_Driver/Inc/stm32f4xx_hal.h Core/Inc/stm32f4xx_hal_conf.h Drivers/STM32F4xx_HAL_Driver/Inc/stm32f4xx_hal_rcc.h Drivers/STM32F4xx_HAL_Driver/Inc/stm32f4xx_hal_def.h Drivers/CMSIS/Device/ST/STM32F4xx/Include/stm32f4xx.h Drivers/CMSIS/Device/ST/STM32F4xx/Include/stm32f411xe.h Drivers/CMSIS/Include/core_cm4.h Drivers/CMSIS/Include/cmsis_version.h Drivers/CMSIS/Include/cmsis_compiler.h Drivers/CMSIS/Include/cmsis_gcc.h Drivers/CMSIS/Include/mpu_armv7.h Drivers/CMSIS/Device/ST/STM32F4xx/Include/system_stm32f4xx.h Drivers/STM32F4xx_HAL_Driver/Inc/Legacy/stm32_hal_legacy.h Drivers/STM32F4xx_HAL_Driver/Inc/stm32f4xx_hal_rcc_ex.h Drivers/STM32F4xx_HAL_Driver/Inc/stm32f4xx_hal_gpio.h Drivers/STM32F4xx_HAL_Driver/Inc/stm32f4xx_hal_gpio_ex.h Drivers/STM32F4xx_HAL_Driver/Inc/stm32f4xx_hal_exti.h Drivers/STM32F4xx_HAL_Driver/Inc/stm32f4xx_hal_dma.h Drivers/STM32F4xx_HAL_Driver/Inc/stm32f4xx_hal_dma_ex.h Drivers/STM32F4xx_HAL_Driver/Inc/stm32f4xx_hal_cortex.h Drivers/STM32F4xx_HAL_Driver/Inc/stm32f4xx_hal_flash.h Drivers/STM32F4xx_HAL_Driver/Inc/stm32f4xx_hal_flash_ex.h Drivers/STM32F4xx_HAL_Driver/Inc/stm32f4xx_hal_flash_ramfunc.h Drivers/STM32F4xx_HAL_Driver/Inc/stm32f4xx_hal_i2c.h Drivers/STM32F4xx_HAL_Driver/Inc/stm32f4xx_hal_i2c_ex.h Drivers/STM32F4xx_HAL_Driver/Inc/stm32f4xx_hal_pwr.h Drivers/STM32F4xx_HAL_Driver/Inc/stm32f4xx_hal_pwr_ex.h Drivers/STM32F4xx_HAL_Driver/Inc/stm32f4xx_hal_uart.h | build
#  Implicit rule search has been done.
#  Implicit/static pattern stem: 'stm32f4xx_hal_flash'
#  Last modified 2022-04-26 12:35:43.695885216
#  File has been updated.
#  Successfully updated.
#  recipe to execute (from 'Makefile', line 164):
	$(CC) -c $(CFLAGS) -Wa,-a,-ad,-alms=$(BUILD_DIR)/$(notdir $(<:.c=.lst)) $< -o $@

Drivers/STM32F4xx_HAL_Driver/Inc/stm32f4xx_hal_i2c.h:
#  Implicit rule search has been done.
#  Last modified 2022-04-26 12:34:59.69973184
#  File has been updated.
#  Successfully updated.

build/stm32f4xx_hal_rcc.o: Drivers/STM32F4xx_HAL_Driver/Src/stm32f4xx_hal_rcc.c Makefile Drivers/STM32F4xx_HAL_Driver/Src/stm32f4xx_hal_rcc.c Drivers/STM32F4xx_HAL_Driver/Inc/stm32f4xx_hal.h Core/Inc/stm32f4xx_hal_conf.h Drivers/STM32F4xx_HAL_Driver/Inc/stm32f4xx_hal_rcc.h Drivers/STM32F4xx_HAL_Driver/Inc/stm32f4xx_hal_def.h Drivers/CMSIS/Device/ST/STM32F4xx/Include/stm32f4xx.h Drivers/CMSIS/Device/ST/STM32F4xx/Include/stm32f411xe.h Drivers/CMSIS/Include/core_cm4.h Drivers/CMSIS/Include/cmsis_version.h Drivers/CMSIS/Include/cmsis_compiler.h Drivers/CMSIS/Include/cmsis_gcc.h Drivers/CMSIS/Include/mpu_armv7.h Drivers/CMSIS/Device/ST/STM32F4xx/Include/system_stm32f4xx.h Drivers/STM32F4xx_HAL_Driver/Inc/Legacy/stm32_hal_legacy.h Drivers/STM32F4xx_HAL_Driver/Inc/stm32f4xx_hal_rcc_ex.h Drivers/STM32F4xx_HAL_Driver/Inc/stm32f4xx_hal_gpio.h Drivers/STM32F4xx_HAL_Driver/Inc/stm32f4xx_hal_gpio_ex.h Drivers/STM32F4xx_HAL_Driver/Inc/stm32f4xx_hal_exti.h Drivers/STM32F4xx_HAL_Driver/Inc/stm32f4xx_hal_dma.h Drivers/STM32F4xx_HAL_Driver/Inc/stm32f4xx_hal_dma_ex.h Drivers/STM32F4xx_HAL_Driver/Inc/stm32f4xx_hal_cortex.h Drivers/STM32F4xx_HAL_Driver/Inc/stm32f4xx_hal_flash.h Drivers/STM32F4xx_HAL_Driver/Inc/stm32f4xx_hal_flash_ex.h Drivers/STM32F4xx_HAL_Driver/Inc/stm32f4xx_hal_flash_ramfunc.h Drivers/STM32F4xx_HAL_Driver/Inc/stm32f4xx_hal_i2c.h Drivers/STM32F4xx_HAL_Driver/Inc/stm32f4xx_hal_i2c_ex.h Drivers/STM32F4xx_HAL_Driver/Inc/stm32f4xx_hal_pwr.h Drivers/STM32F4xx_HAL_Driver/Inc/stm32f4xx_hal_pwr_ex.h Drivers/STM32F4xx_HAL_Driver/Inc/stm32f4xx_hal_uart.h | build
#  Implicit rule search has been done.
#  Implicit/static pattern stem: 'stm32f4xx_hal_rcc'
#  Last modified 2022-04-26 12:35:43.547884699
#  File has been updated.
#  Successfully updated.
#  recipe to execute (from 'Makefile', line 164):
	$(CC) -c $(CFLAGS) -Wa,-a,-ad,-alms=$(BUILD_DIR)/$(notdir $(<:.c=.lst)) $< -o $@

# Not a target:
.DEFAULT:
#  Implicit rule search has not been done.
#  Modification time never checked.
#  File has not been updated.

all: build/aw9523b-demo-blackpill.elf build/aw9523b-demo-blackpill.hex build/aw9523b-demo-blackpill.bin
#  Command line target.
#  Implicit rule search has been done.
#  File does not exist.
#  File has been updated.
#  Successfully updated.

# Not a target:
Drivers/STM32F4xx_HAL_Driver/Src/stm32f4xx_hal_flash.c:
#  Implicit rule search has been done.
#  Last modified 2022-04-26 12:35:02.403741242
#  File has been updated.
#  Successfully updated.

build:
#  Implicit rule search has not been done.
#  Last modified 2022-04-26 12:35:45.49989152
#  File has been updated.
#  Successfully updated.
#  recipe to execute (from 'Makefile', line 180):
	mkdir $@		

# Not a target:
Drivers/STM32F4xx_HAL_Driver/Src/stm32f4xx_hal_flash_ex.c:
#  Implicit rule search has been done.
#  Last modified 2022-04-26 12:35:01.775739058
#  File has been updated.
#  Successfully updated.

# Not a target:
Core/Src/stm32f4xx_it.c:
#  Implicit rule search has been done.
#  Last modified 2022-04-26 12:34:57.419
#  File has been updated.
#  Successfully updated.

build/stm32f4xx_hal_tim_ex.o: Drivers/STM32F4xx_HAL_Driver/Src/stm32f4xx_hal_tim_ex.c Makefile Drivers/STM32F4xx_HAL_Driver/Src/stm32f4xx_hal_tim_ex.c Drivers/STM32F4xx_HAL_Driver/Inc/stm32f4xx_hal.h Core/Inc/stm32f4xx_hal_conf.h Drivers/STM32F4xx_HAL_Driver/Inc/stm32f4xx_hal_rcc.h Drivers/STM32F4xx_HAL_Driver/Inc/stm32f4xx_hal_def.h Drivers/CMSIS/Device/ST/STM32F4xx/Include/stm32f4xx.h Drivers/CMSIS/Device/ST/STM32F4xx/Include/stm32f411xe.h Drivers/CMSIS/Include/core_cm4.h Drivers/CMSIS/Include/cmsis_version.h Drivers/CMSIS/Include/cmsis_compiler.h Drivers/CMSIS/Include/cmsis_gcc.h Drivers/CMSIS/Include/mpu_armv7.h Drivers/CMSIS/Device/ST/STM32F4xx/Include/system_stm32f4xx.h Drivers/STM32F4xx_HAL_Driver/Inc/Legacy/stm32_hal_legacy.h Drivers/STM32F4xx_HAL_Driver/Inc/stm32f4xx_hal_rcc_ex.h Drivers/STM32F4xx_HAL_Driver/Inc/stm32f4xx_hal_gpio.h Drivers/STM32F4xx_HAL_Driver/Inc/stm32f4xx_hal_gpio_ex.h Drivers/STM32F4xx_HAL_Driver/Inc/stm32f4xx_hal_exti.h Drivers/STM32F4xx_HAL_Driver/Inc/stm32f4xx_hal_dma.h Drivers/STM32F4xx_HAL_Driver/Inc/stm32f4xx_hal_dma_ex.h Drivers/STM32F4xx_HAL_Driver/Inc/stm32f4xx_hal_cortex.h Drivers/STM32F4xx_HAL_Driver/Inc/stm32f4xx_hal_flash.h Drivers/STM32F4xx_HAL_Driver/Inc/stm32f4xx_hal_flash_ex.h Drivers/STM32F4xx_HAL_Driver/Inc/stm32f4xx_hal_flash_ramfunc.h Drivers/STM32F4xx_HAL_Driver/Inc/stm32f4xx_hal_i2c.h Drivers/STM32F4xx_HAL_Driver/Inc/stm32f4xx_hal_i2c_ex.h Drivers/STM32F4xx_HAL_Driver/Inc/stm32f4xx_hal_pwr.h Drivers/STM32F4xx_HAL_Driver/Inc/stm32f4xx_hal_pwr_ex.h Drivers/STM32F4xx_HAL_Driver/Inc/stm32f4xx_hal_uart.h | build
#  Implicit rule search has been done.
#  Implicit/static pattern stem: 'stm32f4xx_hal_tim_ex'
#  Last modified 2022-04-26 12:35:44.515888081
#  File has been updated.
#  Successfully updated.
#  recipe to execute (from 'Makefile', line 164):
	$(CC) -c $(CFLAGS) -Wa,-a,-ad,-alms=$(BUILD_DIR)/$(notdir $(<:.c=.lst)) $< -o $@

Drivers/CMSIS/Include/mpu_armv7.h:
#  Implicit rule search has been done.
#  Last modified 2022-04-26 12:35:20.003802522
#  File has been updated.
#  Successfully updated.

# Not a target:
build/stm32f4xx_hal_flash_ramfunc.d:
#  Implicit rule search has been done.
#  Last modified 2022-04-26 12:35:43.835885706
#  File has been updated.
#  Successfully updated.

# Not a target:
Drivers/STM32F4xx_HAL_Driver/Src/stm32f4xx_hal_exti.c:
#  Implicit rule search has been done.
#  Last modified 2022-04-26 12:35:03.615745457
#  File has been updated.
#  Successfully updated.

# Not a target:
build/main.d:
#  Implicit rule search has been done.
#  Last modified 2022-04-26 12:35:41.343877
#  File has been updated.
#  Successfully updated.

# Not a target:
Drivers/STM32F4xx_HAL_Driver/Src/stm32f4xx_hal_i2c.c:
#  Implicit rule search has been done.
#  Last modified 2022-04-26 12:35:01.699738793
#  File has been updated.
#  Successfully updated.

# Not a target:
build/stm32f4xx_hal_pwr.d:
#  Implicit rule search has been done.
#  Last modified 2022-04-26 12:35:44.183886922
#  File has been updated.
#  Successfully updated.

build/stm32f4xx_it.o: Core/Src/stm32f4xx_it.c Makefile Core/Src/stm32f4xx_it.c Core/Inc/main.h Drivers/STM32F4xx_HAL_Driver/Inc/stm32f4xx_hal.h Core/Inc/stm32f4xx_hal_conf.h Drivers/STM32F4xx_HAL_Driver/Inc/stm32f4xx_hal_rcc.h Drivers/STM32F4xx_HAL_Driver/Inc/stm32f4xx_hal_def.h Drivers/CMSIS/Device/ST/STM32F4xx/Include/stm32f4xx.h Drivers/CMSIS/Device/ST/STM32F4xx/Include/stm32f411xe.h Drivers/CMSIS/Include/core_cm4.h Drivers/CMSIS/Include/cmsis_version.h Drivers/CMSIS/Include/cmsis_compiler.h Drivers/CMSIS/Include/cmsis_gcc.h Drivers/CMSIS/Include/mpu_armv7.h Drivers/CMSIS/Device/ST/STM32F4xx/Include/system_stm32f4xx.h Drivers/STM32F4xx_HAL_Driver/Inc/Legacy/stm32_hal_legacy.h Drivers/STM32F4xx_HAL_Driver/Inc/stm32f4xx_hal_rcc_ex.h Drivers/STM32F4xx_HAL_Driver/Inc/stm32f4xx_hal_gpio.h Drivers/STM32F4xx_HAL_Driver/Inc/stm32f4xx_hal_gpio_ex.h Drivers/STM32F4xx_HAL_Driver/Inc/stm32f4xx_hal_exti.h Drivers/STM32F4xx_HAL_Driver/Inc/stm32f4xx_hal_dma.h Drivers/STM32F4xx_HAL_Driver/Inc/stm32f4xx_hal_dma_ex.h Drivers/STM32F4xx_HAL_Driver/Inc/stm32f4xx_hal_cortex.h Drivers/STM32F4xx_HAL_Driver/Inc/stm32f4xx_hal_flash.h Drivers/STM32F4xx_HAL_Driver/Inc/stm32f4xx_hal_flash_ex.h Drivers/STM32F4xx_HAL_Driver/Inc/stm32f4xx_hal_flash_ramfunc.h Drivers/STM32F4xx_HAL_Driver/Inc/stm32f4xx_hal_i2c.h Drivers/STM32F4xx_HAL_Driver/Inc/stm32f4xx_hal_i2c_ex.h Drivers/STM32F4xx_HAL_Driver/Inc/stm32f4xx_hal_pwr.h Drivers/STM32F4xx_HAL_Driver/Inc/stm32f4xx_hal_pwr_ex.h Drivers/STM32F4xx_HAL_Driver/Inc/stm32f4xx_hal_uart.h Core/Inc/stm32f4xx_it.h | build
#  Implicit rule search has been done.
#  Implicit/static pattern stem: 'stm32f4xx_it'
 
#  Last modified 2022-04-26 12:35:41.499877544
#  File has been updated.
#  Successfully updated.
#  recipe to execute (from 'Makefile', line 164):
	$(CC) -c $(CFLAGS) -Wa,-a,-ad,-alms=$(BUILD_DIR)/$(notdir $(<:.c=.lst)) $< -o $@

# Not a target:
build/stm32f4xx_hal.d:
#  Implicit rule search has been done.
#  Last modified 2022-04-26 12:35:44.371887578
#  File has been updated.
#  Successfully updated.

# Not a target:
build/stm32f4xx_hal_rcc_ex.d:
#  Implicit rule search has been done.
#  Last modified 2022-04-26 12:35:43.603884895
#  File has been updated.
#  Successfully updated.

Core/Inc/stm32f4xx_it.h:
#  Implicit rule search has been done.
#  Last modified 2022-04-26 12:34:57.531
#  File has been updated.
#  Successfully updated.

Drivers/STM32F4xx_HAL_Driver/Inc/stm32f4xx_hal_i2c_ex.h:
#  Implicit rule search has been done.
#  Last modified 2022-04-26 12:35:00.267733815
#  File has been updated.
#  Successfully updated.

Drivers/STM32F4xx_HAL_Driver/Inc/stm32f4xx_hal_dma.h:
#  Implicit rule search has been done.
#  Last modified 2022-04-26 12:34:59.595731479
#  File has been updated.
#  Successfully updated.

build/stm32f4xx_hal_dma.o: Drivers/STM32F4xx_HAL_Driver/Src/stm32f4xx_hal_dma.c Makefile Drivers/STM32F4xx_HAL_Driver/Src/stm32f4xx_hal_dma.c Drivers/STM32F4xx_HAL_Driver/Inc/stm32f4xx_hal.h Core/Inc/stm32f4xx_hal_conf.h Drivers/STM32F4xx_HAL_Driver/Inc/stm32f4xx_hal_rcc.h Drivers/STM32F4xx_HAL_Driver/Inc/stm32f4xx_hal_def.h Drivers/CMSIS/Device/ST/STM32F4xx/Include/stm32f4xx.h Drivers/CMSIS/Device/ST/STM32F4xx/Include/stm32f411xe.h Drivers/CMSIS/Include/core_cm4.h Drivers/CMSIS/Include/cmsis_version.h Drivers/CMSIS/Include/cmsis_compiler.h Drivers/CMSIS/Include/cmsis_gcc.h Drivers/CMSIS/Include/mpu_armv7.h Drivers/CMSIS/Device/ST/STM32F4xx/Include/system_stm32f4xx.h Drivers/STM32F4xx_HAL_Driver/Inc/Legacy/stm32_hal_legacy.h Drivers/STM32F4xx_HAL_Driver/Inc/stm32f4xx_hal_rcc_ex.h Drivers/STM32F4xx_HAL_Driver/Inc/stm32f4xx_hal_gpio.h Drivers/STM32F4xx_HAL_Driver/Inc/stm32f4xx_hal_gpio_ex.h Drivers/STM32F4xx_HAL_Driver/Inc/stm32f4xx_hal_exti.h Drivers/STM32F4xx_HAL_Driver/Inc/stm32f4xx_hal_dma.h Drivers/STM32F4xx_HAL_Driver/Inc/stm32f4xx_hal_dma_ex.h Drivers/STM32F4xx_HAL_Driver/Inc/stm32f4xx_hal_cortex.h Drivers/STM32F4xx_HAL_Driver/Inc/stm32f4xx_hal_flash.h Drivers/STM32F4xx_HAL_Driver/Inc/stm32f4xx_hal_flash_ex.h Drivers/STM32F4xx_HAL_Driver/Inc/stm32f4xx_hal_flash_ramfunc.h Drivers/STM32F4xx_HAL_Driver/Inc/stm32f4xx_hal_i2c.h Drivers/STM32F4xx_HAL_Driver/Inc/stm32f4xx_hal_i2c_ex.h Drivers/STM32F4xx_HAL_Driver/Inc/stm32f4xx_hal_pwr.h Drivers/STM32F4xx_HAL_Driver/Inc/stm32f4xx_hal_pwr_ex.h Drivers/STM32F4xx_HAL_Driver/Inc/stm32f4xx_hal_uart.h | build
#  Implicit rule search has been done.
#  Implicit/static pattern stem: 'stm32f4xx_hal_dma'
#  Last modified 2022-04-26 12:35:44.131886739
#  File has been updated.
#  Successfully updated.
#  recipe to execute (from 'Makefile', line 164):
	$(CC) -c $(CFLAGS) -Wa,-a,-ad,-alms=$(BUILD_DIR)/$(notdir $(<:.c=.lst)) $< -o $@

# Not a target:
build/startup_stm32f411xe.d:
#  Implicit rule search has been done.
#  Last modified 2022-04-26 12:35:45.155890318
#  File has been updated.
#  Successfully updated.

# Not a target:
build/stm32f4xx_hal_i2c.d:
#  Implicit rule search has been done.
#  Last modified 2022-04-26 12:35:41.931879054
#  File has been updated.
#  Successfully updated.

build/stm32f4xx_hal_msp.o: Core/Src/stm32f4xx_hal_msp.c Makefile Core/Src/stm32f4xx_hal_msp.c Core/Inc/main.h Drivers/STM32F4xx_HAL_Driver/Inc/stm32f4xx_hal.h Core/Inc/stm32f4xx_hal_conf.h Drivers/STM32F4xx_HAL_Driver/Inc/stm32f4xx_hal_rcc.h Drivers/STM32F4xx_HAL_Driver/Inc/stm32f4xx_hal_def.h Drivers/CMSIS/Device/ST/STM32F4xx/Include/stm32f4xx.h Drivers/CMSIS/Device/ST/STM32F4xx/Include/stm32f411xe.h Drivers/CMSIS/Include/core_cm4.h Drivers/CMSIS/Include/cmsis_version.h Drivers/CMSIS/Include/cmsis_compiler.h Drivers/CMSIS/Include/cmsis_gcc.h Drivers/CMSIS/Include/mpu_armv7.h Drivers/CMSIS/Device/ST/STM32F4xx/Include/system_stm32f4xx.h Drivers/STM32F4xx_HAL_Driver/Inc/Legacy/stm32_hal_legacy.h Drivers/STM32F4xx_HAL_Driver/Inc/stm32f4xx_hal_rcc_ex.h Drivers/STM32F4xx_HAL_Driver/Inc/stm32f4xx_hal_gpio.h Drivers/STM32F4xx_HAL_Driver/Inc/stm32f4xx_hal_gpio_ex.h Drivers/STM32F4xx_HAL_Driver/Inc/stm32f4xx_hal_exti.h Drivers/STM32F4xx_HAL_Driver/Inc/stm32f4xx_hal_dma.h Drivers/STM32F4xx_HAL_Driver/Inc/stm32f4xx_hal_dma_ex.h Drivers/STM32F4xx_HAL_Driver/Inc/stm32f4xx_hal_cortex.h Drivers/STM32F4xx_HAL_Driver/Inc/stm32f4xx_hal_flash.h Drivers/STM32F4xx_HAL_Driver/Inc/stm32f4xx_hal_flash_ex.h Drivers/STM32F4xx_HAL_Driver/Inc/stm32f4xx_hal_flash_ramfunc.h Drivers/STM32F4xx_HAL_Driver/Inc/stm32f4xx_hal_i2c.h Drivers/STM32F4xx_HAL_Driver/Inc/stm32f4xx_hal_i2c_ex.h Drivers/STM32F4xx_HAL_Driver/Inc/stm32f4xx_hal_pwr.h Drivers/STM32F4xx_HAL_Driver/Inc/stm32f4xx_hal_pwr_ex.h Drivers/STM32F4xx_HAL_Driver/Inc/stm32f4xx_hal_uart.h | build
#  Implicit rule search has been done.
#  Implicit/static pattern stem: 'stm32f4xx_hal_msp'
#  Last modified 2022-04-26 12:35:41.555877739
#  File has been updated.
#  Successfully updated.
#  recipe to execute (from 'Makefile', line 164):
	$(CC) -c $(CFLAGS) -Wa,-a,-ad,-alms=$(BUILD_DIR)/$(notdir $(<:.c=.lst)) $< -o $@

# Not a target:
Drivers/STM32F4xx_HAL_Driver/Src/stm32f4xx_hal.c:
#  Implicit rule search has been done.
#  Last modified 2022-04-26 12:35:01.715738849
#  File has been updated.
#  Successfully updated.

# Not a target:
Core/Src/main.c:
#  Implicit rule search has been done.
#  Last modified 2022-04-26 12:34:58.343
#  File has been updated.
#  Successfully updated.

# Not a target:
Drivers/STM32F4xx_HAL_Driver/Src/stm32f4xx_hal_tim_ex.c:
#  Implicit rule search has been done.
#  Last modified 2022-04-26 12:35:01.655738641
#  File has been updated.
#  Successfully updated.

# Not a target:
build/stm32f4xx_hal_dma_ex.d:
#  Implicit rule search has been done.
#  Last modified 2022-04-26 12:35:43.987886237
#  File has been updated.
#  Successfully updated.

build/stm32f4xx_hal_gpio.o: Drivers/STM32F4xx_HAL_Driver/Src/stm32f4xx_hal_gpio.c Makefile Drivers/STM32F4xx_HAL_Driver/Src/stm32f4xx_hal_gpio.c Drivers/STM32F4xx_HAL_Driver/Inc/stm32f4xx_hal.h Core/Inc/stm32f4xx_hal_conf.h Drivers/STM32F4xx_HAL_Driver/Inc/stm32f4xx_hal_rcc.h Drivers/STM32F4xx_HAL_Driver/Inc/stm32f4xx_hal_def.h Drivers/CMSIS/Device/ST/STM32F4xx/Include/stm32f4xx.h Drivers/CMSIS/Device/ST/STM32F4xx/Include/stm32f411xe.h Drivers/CMSIS/Include/core_cm4.h Drivers/CMSIS/Include/cmsis_version.h Drivers/CMSIS/Include/cmsis_compiler.h Drivers/CMSIS/Include/cmsis_gcc.h Drivers/CMSIS/Include/mpu_armv7.h Drivers/CMSIS/Device/ST/STM32F4xx/Include/system_stm32f4xx.h Drivers/STM32F4xx_HAL_Driver/Inc/Legacy/stm32_hal_legacy.h Drivers/STM32F4xx_HAL_Driver/Inc/stm32f4xx_hal_rcc_ex.h Drivers/STM32F4xx_HAL_Driver/Inc/stm32f4xx_hal_gpio.h Drivers/STM32F4xx_HAL_Driver/Inc/stm32f4xx_hal_gpio_ex.h Drivers/STM32F4xx_HAL_Driver/Inc/stm32f4xx_hal_exti.h Drivers/STM32F4xx_HAL_Driver/Inc/stm32f4xx_hal_dma.h Drivers/STM32F4xx_HAL_Driver/Inc/stm32f4xx_hal_dma_ex.h Drivers/STM32F4xx_HAL_Driver/Inc/stm32f4xx_hal_cortex.h Drivers/STM32F4xx_HAL_Driver/Inc/stm32f4xx_hal_flash.h Drivers/STM32F4xx_HAL_Driver/Inc/stm32f4xx_hal_flash_ex.h Drivers/STM32F4xx_HAL_Driver/Inc/stm32f4xx_hal_flash_ramfunc.h Drivers/STM32F4xx_HAL_Driver/Inc/stm32f4xx_hal_i2c.h Drivers/STM32F4xx_HAL_Driver/Inc/stm32f4xx_hal_i2c_ex.h Drivers/STM32F4xx_HAL_Driver/Inc/stm32f4xx_hal_pwr.h Drivers/STM32F4xx_HAL_Driver/Inc/stm32f4xx_hal_pwr_ex.h Drivers/STM32F4xx_HAL_Driver/Inc/stm32f4xx_hal_uart.h | build
#  Implicit rule search has been done.
#  Implicit/static pattern stem: 'stm32f4xx_hal_gpio'
#  Last modified 2022-04-26 12:35:43.907885957
#  File has been updated.
#  Successfully updated.
#  recipe to execute (from 'Makefile', line 164):
	$(CC) -c $(CFLAGS) -Wa,-a,-ad,-alms=$(BUILD_DIR)/$(notdir $(<:.c=.lst)) $< -o $@

# Not a target:
Drivers/STM32F4xx_HAL_Driver/Src/stm32f4xx_hal_pwr.c:
#  Implicit rule search has been done.
#  Last modified 2022-04-26 12:35:03.399744706
#  File has been updated.
#  Successfully updated.

# Not a target:
Drivers/STM32F4xx_HAL_Driver/Src/stm32f4xx_hal_tim.c:
#  Implicit rule search has been done.
#  Last modified 2022-04-26 12:35:02.479741506
#  File has been updated.
#  Successfully updated.

# Not a target:
build/stm32f4xx_hal_rcc.d:
#  Implicit rule search has been done.
#  Last modified 2022-04-26 12:35:43.527884629
#  File has been updated.
#  Successfully updated.

Drivers/STM32F4xx_HAL_Driver/Inc/stm32f4xx_hal_dma_ex.h:
#  Implicit rule search has been done.
#  Last modified 2022-04-26 12:35:00.287733884
#  File has been updated.
#  Successfully updated.

Drivers/CMSIS/Device/ST/STM32F4xx/Include/stm32f4xx.h:
#  Implicit rule search has been done.
#  Last modified 2022-04-26 12:35:20.147803025
#  File has been updated.
#  Successfully updated.

# Not a target:
Core/Src/stm32f4xx_hal_msp.c:
#  Implicit rule search has been done.
#  Last modified 2022-04-26 12:34:57.703
#  File has been updated.
#  Successfully updated.

# Not a target:
Drivers/STM32F4xx_HAL_Driver/Src/stm32f4xx_hal_gpio.c:
#  Implicit rule search has been done.
#  Last modified 2022-04-26 12:35:01.547738265
#  File has been updated.
#  Successfully updated.

build/startup_stm32f411xe.o: startup_stm32f411xe.s Makefile startup_stm32f411xe.s | build
#  Implicit rule search has been done.
#  Implicit/static pattern stem: 'startup_stm32f411xe'
#  Last modified 2022-04-26 12:35:45.159890333
#  File has been updated.
#  Successfully updated.
#  recipe to execute (from 'Makefile', line 167):
	$(AS) -c $(CFLAGS) $< -o $@

Drivers/CMSIS/Include/cmsis_gcc.h:
#  Implicit rule search has been done.
#  Last modified 2022-04-26 12:35:20.003802522
#  File has been updated.
#  Successfully updated.

Drivers/STM32F4xx_HAL_Driver/Inc/stm32f4xx_hal_def.h:
#  Implicit rule search has been done.
#  Last modified 2022-04-26 12:35:00.667735204
#  File has been updated.
#  Successfully updated.

Drivers/CMSIS/Include/core_cm4.h:
#  Implicit rule search has been done.
#  Last modified 2022-04-26 12:35:20.003802522
#  File has been updated.
#  Successfully updated.

build/stm32f4xx_hal_i2c_ex.o: Drivers/STM32F4xx_HAL_Driver/Src/stm32f4xx_hal_i2c_ex.c Makefile Drivers/STM32F4xx_HAL_Driver/Src/stm32f4xx_hal_i2c_ex.c Drivers/STM32F4xx_HAL_Driver/Inc/stm32f4xx_hal.h Core/Inc/stm32f4xx_hal_conf.h Drivers/STM32F4xx_HAL_Driver/Inc/stm32f4xx_hal_rcc.h Drivers/STM32F4xx_HAL_Driver/Inc/stm32f4xx_hal_def.h Drivers/CMSIS/Device/ST/STM32F4xx/Include/stm32f4xx.h Drivers/CMSIS/Device/ST/STM32F4xx/Include/stm32f411xe.h Drivers/CMSIS/Include/core_cm4.h Drivers/CMSIS/Include/cmsis_version.h Drivers/CMSIS/Include/cmsis_compiler.h Drivers/CMSIS/Include/cmsis_gcc.h Drivers/CMSIS/Include/mpu_armv7.h Drivers/CMSIS/Device/ST/STM32F4xx/Include/system_stm32f4xx.h Drivers/STM32F4xx_HAL_Driver/Inc/Legacy/stm32_hal_legacy.h Drivers/STM32F4xx_HAL_Driver/Inc/stm32f4xx_hal_rcc_ex.h Drivers/STM32F4xx_HAL_Driver/Inc/stm32f4xx_hal_gpio.h Drivers/STM32F4xx_HAL_Driver/Inc/stm32f4xx_hal_gpio_ex.h Drivers/STM32F4xx_HAL_Driver/Inc/stm32f4xx_hal_exti.h Drivers/STM32F4xx_HAL_Driver/Inc/stm32f4xx_hal_dma.h Drivers/STM32F4xx_HAL_Driver/Inc/stm32f4xx_hal_dma_ex.h Drivers/STM32F4xx_HAL_Driver/Inc/stm32f4xx_hal_cortex.h Drivers/STM32F4xx_HAL_Driver/Inc/stm32f4xx_hal_flash.h Drivers/STM32F4xx_HAL_Driver/Inc/stm32f4xx_hal_flash_ex.h Drivers/STM32F4xx_HAL_Driver/Inc/stm32f4xx_hal_flash_ramfunc.h Drivers/STM32F4xx_HAL_Driver/Inc/stm32f4xx_hal_i2c.h Drivers/STM32F4xx_HAL_Driver/Inc/stm32f4xx_hal_i2c_ex.h Drivers/STM32F4xx_HAL_Driver/Inc/stm32f4xx_hal_pwr.h Drivers/STM32F4xx_HAL_Driver/Inc/stm32f4xx_hal_pwr_ex.h Drivers/STM32F4xx_HAL_Driver/Inc/stm32f4xx_hal_uart.h | build
#  Implicit rule search has been done.
#  Implicit/static pattern stem: 'stm32f4xx_hal_i2c_ex'
#  Last modified 2022-04-26 12:35:43.44788435
#  File has been updated.
#  Successfully updated.
#  recipe to execute (from 'Makefile', line 164):
	$(CC) -c $(CFLAGS) -Wa,-a,-ad,-alms=$(BUILD_DIR)/$(notdir $(<:.c=.lst)) $< -o $@

# Not a target:
build/stm32f4xx_hal_flash_ex.d:
#  Implicit rule search has been done.
#  Last modified 2022-04-26 12:35:43.763885453
#  File has been updated.
#  Successfully updated.

# Not a target:
Drivers/STM32F4xx_HAL_Driver/Src/stm32f4xx_hal_dma.c:
#  Implicit rule search has been done.
#  Last modified 2022-04-26 12:35:01.971739739
#  File has been updated.
#  Successfully updated.

build/aw9523b-demo-blackpill.elf: build/main.o build/stm32f4xx_it.o build/stm32f4xx_hal_msp.o build/stm32f4xx_hal_i2c.o build/stm32f4xx_hal_i2c_ex.o build/stm32f4xx_hal_rcc.o build/stm32f4xx_hal_rcc_ex.o build/stm32f4xx_hal_flash.o build/stm32f4xx_hal_flash_ex.o build/stm32f4xx_hal_flash_ramfunc.o build/stm32f4xx_hal_gpio.o build/stm32f4xx_hal_dma_ex.o build/stm32f4xx_hal_dma.o build/stm32f4xx_hal_pwr.o build/stm32f4xx_hal_pwr_ex.o build/stm32f4xx_hal_cortex.o build/stm32f4xx_hal.o build/stm32f4xx_hal_exti.o build/stm32f4xx_hal_tim.o build/stm32f4xx_hal_tim_ex.o build/stm32f4xx_hal_uart.o build/system_stm32f4xx.o build/startup_stm32f411xe.o Makefile
#  Implicit rule search has not been done.
#  Last modified 2022-04-26 12:35:45.407891199
#  File has been updated.
#  Successfully updated.
#  recipe to execute (from 'Makefile', line 170):
	$(CC) $(OBJECTS) $(LDFLAGS) -o $@
	$(SZ) $@

Drivers/STM32F4xx_HAL_Driver/Inc/stm32f4xx_hal_uart.h:
#  Implicit rule search has been done.
#  Last modified 2022-04-26 12:35:00.819735733
#  File has been updated.
#  Successfully updated.

# Not a target:
build/stm32f4xx_hal_tim.d:
#  Implicit rule search has been done.
#  Last modified 2022-04-26 12:35:44.475887942
#  File has been updated.
#  Successfully updated.

build/main.o: Core/Src/main.c Makefile Core/Src/main.c Core/Inc/main.h Drivers/STM32F4xx_HAL_Driver/Inc/stm32f4xx_hal.h Core/Inc/stm32f4xx_hal_conf.h Drivers/STM32F4xx_HAL_Driver/Inc/stm32f4xx_hal_rcc.h Drivers/STM32F4xx_HAL_Driver/Inc/stm32f4xx_hal_def.h Drivers/CMSIS/Device/ST/STM32F4xx/Include/stm32f4xx.h Drivers/CMSIS/Device/ST/STM32F4xx/Include/stm32f411xe.h Drivers/CMSIS/Include/core_cm4.h Drivers/CMSIS/Include/cmsis_version.h Drivers/CMSIS/Include/cmsis_compiler.h Drivers/CMSIS/Include/cmsis_gcc.h Drivers/CMSIS/Include/mpu_armv7.h Drivers/CMSIS/Device/ST/STM32F4xx/Include/system_stm32f4xx.h Drivers/STM32F4xx_HAL_Driver/Inc/Legacy/stm32_hal_legacy.h Drivers/STM32F4xx_HAL_Driver/Inc/stm32f4xx_hal_rcc_ex.h Drivers/STM32F4xx_HAL_Driver/Inc/stm32f4xx_hal_gpio.h Drivers/STM32F4xx_HAL_Driver/Inc/stm32f4xx_hal_gpio_ex.h Drivers/STM32F4xx_HAL_Driver/Inc/stm32f4xx_hal_exti.h Drivers/STM32F4xx_HAL_Driver/Inc/stm32f4xx_hal_dma.h Drivers/STM32F4xx_HAL_Driver/Inc/stm32f4xx_hal_dma_ex.h Drivers/STM32F4xx_HAL_Driver/Inc/stm32f4xx_hal_cortex.h Drivers/STM32F4xx_HAL_Driver/Inc/stm32f4xx_hal_flash.h Drivers/STM32F4xx_HAL_Driver/Inc/stm32f4xx_hal_flash_ex.h Drivers/STM32F4xx_HAL_Driver/Inc/stm32f4xx_hal_flash_ramfunc.h Drivers/STM32F4xx_HAL_Driver/Inc/stm32f4xx_hal_i2c.h Drivers/STM32F4xx_HAL_Driver/Inc/stm32f4xx_hal_i2c_ex.h Drivers/STM32F4xx_HAL_Driver/Inc/stm32f4xx_hal_pwr.h Drivers/STM32F4xx_HAL_Driver/Inc/stm32f4xx_hal_pwr_ex.h Drivers/STM32F4xx_HAL_Driver/Inc/stm32f4xx_hal_uart.h | build
#  Implicit rule search has been done.
#  Implicit/static pattern stem: 'main'
#  Last modified 2022-04-26 12:35:41.451877376
#  File has been updated.
#  Successfully updated.
#  recipe to execute (from 'Makefile', line 164):
	$(CC) -c $(CFLAGS) -Wa,-a,-ad,-alms=$(BUILD_DIR)/$(notdir $(<:.c=.lst)) $< -o $@

Drivers/STM32F4xx_HAL_Driver/Inc/stm32f4xx_hal_flash_ramfunc.h:
#  Implicit rule search has been done.
#  Last modified 2022-04-26 12:35:00.223733661
#  File has been updated.
#  Successfully updated.

build/stm32f4xx_hal_flash_ex.o: Drivers/STM32F4xx_HAL_Driver/Src/stm32f4xx_hal_flash_ex.c Makefile Drivers/STM32F4xx_HAL_Driver/Src/stm32f4xx_hal_flash_ex.c Drivers/STM32F4xx_HAL_Driver/Inc/stm32f4xx_hal.h Core/Inc/stm32f4xx_hal_conf.h Drivers/STM32F4xx_HAL_Driver/Inc/stm32f4xx_hal_rcc.h Drivers/STM32F4xx_HAL_Driver/Inc/stm32f4xx_hal_def.h Drivers/CMSIS/Device/ST/STM32F4xx/Include/stm32f4xx.h Drivers/CMSIS/Device/ST/STM32F4xx/Include/stm32f411xe.h Drivers/CMSIS/Include/core_cm4.h Drivers/CMSIS/Include/cmsis_version.h Drivers/CMSIS/Include/cmsis_compiler.h Drivers/CMSIS/Include/cmsis_gcc.h Drivers/CMSIS/Include/mpu_armv7.h Drivers/CMSIS/Device/ST/STM32F4xx/Include/system_stm32f4xx.h Drivers/STM32F4xx_HAL_Driver/Inc/Legacy/stm32_hal_legacy.h Drivers/STM32F4xx_HAL_Driver/Inc/stm32f4xx_hal_rcc_ex.h Drivers/STM32F4xx_HAL_Driver/Inc/stm32f4xx_hal_gpio.h Drivers/STM32F4xx_HAL_Driver/Inc/stm32f4xx_hal_gpio_ex.h Drivers/STM32F4xx_HAL_Driver/Inc/stm32f4xx_hal_exti.h Drivers/STM32F4xx_HAL_Driver/Inc/stm32f4xx_hal_dma.h Drivers/STM32F4xx_HAL_Driver/Inc/stm32f4xx_hal_dma_ex.h Drivers/STM32F4xx_HAL_Driver/Inc/stm32f4xx_hal_cortex.h Drivers/STM32F4xx_HAL_Driver/Inc/stm32f4xx_hal_flash.h Drivers/STM32F4xx_HAL_Driver/Inc/stm32f4xx_hal_flash_ex.h Drivers/STM32F4xx_HAL_Driver/Inc/stm32f4xx_hal_flash_ramfunc.h Drivers/STM32F4xx_HAL_Driver/Inc/stm32f4xx_hal_i2c.h Drivers/STM32F4xx_HAL_Driver/Inc/stm32f4xx_hal_i2c_ex.h Drivers/STM32F4xx_HAL_Driver/Inc/stm32f4xx_hal_pwr.h Drivers/STM32F4xx_HAL_Driver/Inc/stm32f4xx_hal_pwr_ex.h Drivers/STM32F4xx_HAL_Driver/Inc/stm32f4xx_hal_uart.h | build
#  Implicit rule search has been done.
#  Implicit/static pattern stem: 'stm32f4xx_hal_flash_ex'
#  Last modified 2022-04-26 12:35:43.799885579
#  File has been updated.
#  Successfully updated.
#  recipe to execute (from 'Makefile', line 164):
	$(CC) -c $(CFLAGS) -Wa,-a,-ad,-alms=$(BUILD_DIR)/$(notdir $(<:.c=.lst)) $< -o $@

Drivers/CMSIS/Include/cmsis_version.h:
#  Implicit rule search has been done.
#  Last modified 2022-04-26 12:35:20.003802522
#  File has been updated.
#  Successfully updated.

# Not a target:
Drivers/STM32F4xx_HAL_Driver/Src/stm32f4xx_hal_pwr_ex.c:
#  Implicit rule search has been done.
#  Last modified 2022-04-26 12:35:03.039743454
#  File has been updated.
#  Successfully updated.

# files hash-table stats:
# Load=108/1024=11%, Rehash=0, Collisions=86/1820=5%
# VPATH Search Paths

vpath %.c Core/Src:Drivers/STM32F4xx_HAL_Driver/Src

# 1 'vpath' search paths.

# No general ('VPATH' variable) search path.

# strcache buffers: 2 (1) / strings = 322 / storage = 8348 B / avg = 25 B
# current buf: size = 8162 B / used = 205 B / count = 9 / avg = 22 B
# other used: total = 8143 B / count = 313 / avg = 26 B
# other free: total = 19 B / max = 19 B / min = 19 B / avg = 19 B

# strcache performance: lookups = 2443 / hit rate = 86%
# hash-table stats:
 
# Load=322/8192=4%, Rehash=0, Collisions=76/2443=3%
# Finished Make data base on Tue Apr 26 12:56:28 2022

 
